<?xml version="1.0" encoding="UTF-8"?>
<coverage generated="1749188166539" clover="3.2.0">
  <project timestamp="1749188166539" name="All files">
    <metrics statements="8" coveredstatements="8" conditionals="4" coveredconditionals="4" methods="1" coveredmethods="1" elements="13" coveredelements="13" complexity="0" loc="8" ncloc="8" packages="1" files="1" classes="1"/>
    <file name="toggleMode.js" path="C:\Users\erict\Repo-of-Truth\source\toggleMode.js">
      <metrics statements="8" coveredstatements="8" conditionals="4" coveredconditionals="4" methods="1" coveredmethods="1"/>
      <line num="4" count="6" type="stmt"/>
      <line num="5" count="6" type="stmt"/>
      <line num="8" count="6" type="cond" truecount="2" falsecount="0"/>
      <line num="9" count="3" type="stmt"/>
      <line num="13" count="6" type="cond" truecount="2" falsecount="0"/>
      <line num="14" count="5" type="stmt"/>
      <line num="15" count="2" type="stmt"/>
      <line num="16" count="2" type="stmt"/>
    </file>
  </project>
</coverage>
