<?xml version="1.0" encoding="UTF-8"?>
<coverage generated="1749448493587" clover="3.2.0">
  <project timestamp="1749448493588" name="All files">
    <metrics statements="319" coveredstatements="240" conditionals="149" coveredconditionals="84" methods="56" coveredmethods="38" elements="524" coveredelements="362" complexity="0" loc="319" ncloc="319" packages="5" files="6" classes="6"/>
    <package name="source">
      <metrics statements="8" coveredstatements="8" conditionals="4" coveredconditionals="4" methods="1" coveredmethods="1"/>
      <file name="toggleMode.js" path="F:\Downloads\Repo-of-Truth\source\toggleMode.js">
        <metrics statements="8" coveredstatements="8" conditionals="4" coveredconditionals="4" methods="1" coveredmethods="1"/>
        <line num="4" count="6" type="stmt"/>
        <line num="5" count="6" type="stmt"/>
        <line num="8" count="6" type="cond" truecount="2" falsecount="0"/>
        <line num="9" count="3" type="stmt"/>
        <line num="13" count="6" type="cond" truecount="2" falsecount="0"/>
        <line num="14" count="5" type="stmt"/>
        <line num="15" count="2" type="stmt"/>
        <line num="16" count="2" type="stmt"/>
      </file>
    </package>
    <package name="source.api">
      <metrics statements="50" coveredstatements="10" conditionals="51" coveredconditionals="5" methods="9" coveredmethods="2"/>
      <file name="pokemonAPI.js" path="F:\Downloads\Repo-of-Truth\source\api\pokemonAPI.js">
        <metrics statements="50" coveredstatements="10" conditionals="51" coveredconditionals="5" methods="9" coveredmethods="2"/>
        <line num="2" count="2" type="stmt"/>
        <line num="3" count="2" type="stmt"/>
        <line num="8" count="0" type="stmt"/>
        <line num="17" count="4" type="stmt"/>
        <line num="20" count="4" type="stmt"/>
        <line num="21" count="0" type="cond" truecount="0" falsecount="4"/>
        <line num="22" count="0" type="stmt"/>
        <line num="26" count="4" type="stmt"/>
        <line num="31" count="0" type="cond" truecount="0" falsecount="2"/>
        <line num="32" count="0" type="stmt"/>
        <line num="33" count="0" type="stmt"/>
        <line num="38" count="0" type="stmt"/>
        <line num="39" count="0" type="stmt"/>
        <line num="50" count="0" type="cond" truecount="0" falsecount="4"/>
        <line num="51" count="0" type="stmt"/>
        <line num="56" count="0" type="stmt"/>
        <line num="57" count="0" type="stmt"/>
        <line num="61" count="0" type="stmt"/>
        <line num="64" count="0" type="cond" truecount="0" falsecount="2"/>
        <line num="74" count="0" type="cond" truecount="0" falsecount="4"/>
        <line num="75" count="0" type="stmt"/>
        <line num="77" count="0" type="cond" truecount="0" falsecount="4"/>
        <line num="78" count="0" type="stmt"/>
        <line num="82" count="0" type="stmt"/>
        <line num="85" count="0" type="cond" truecount="0" falsecount="2"/>
        <line num="95" count="4" type="cond" truecount="3" falsecount="1"/>
        <line num="96" count="0" type="stmt"/>
        <line num="100" count="4" type="stmt"/>
        <line num="101" count="4" type="stmt"/>
        <line num="103" count="0" type="cond" truecount="0" falsecount="2"/>
        <line num="105" count="4" type="cond" truecount="1" falsecount="1"/>
        <line num="106" count="0" type="stmt"/>
        <line num="108" count="4" type="stmt"/>
        <line num="120" count="0" type="cond" truecount="0" falsecount="4"/>
        <line num="121" count="0" type="stmt"/>
        <line num="125" count="0" type="stmt"/>
        <line num="126" count="0" type="cond" truecount="0" falsecount="2"/>
        <line num="131" count="0" type="stmt"/>
        <line num="132" count="0" type="cond" truecount="0" falsecount="2"/>
        <line num="133" count="0" type="stmt"/>
        <line num="135" count="0" type="stmt"/>
        <line num="138" count="0" type="stmt"/>
        <line num="140" count="0" type="stmt"/>
        <line num="141" count="0" type="cond" truecount="0" falsecount="2"/>
        <line num="150" count="0" type="stmt"/>
        <line num="151" count="0" type="cond" truecount="0" falsecount="2"/>
        <line num="160" count="0" type="cond" truecount="0" falsecount="4"/>
        <line num="161" count="0" type="stmt"/>
        <line num="164" count="0" type="stmt"/>
        <line num="169" count="0" type="cond" truecount="0" falsecount="2"/>
      </file>
    </package>
    <package name="source.assets.scripts">
      <metrics statements="61" coveredstatements="60" conditionals="20" coveredconditionals="16" methods="12" coveredmethods="11"/>
      <file name="assign-card-modal.js" path="F:\Downloads\Repo-of-Truth\source\assets\scripts\assign-card-modal.js">
        <metrics statements="51" coveredstatements="50" conditionals="14" coveredconditionals="10" methods="9" coveredmethods="8"/>
        <line num="13" count="5" type="stmt"/>
        <line num="14" count="5" type="cond" truecount="2" falsecount="0"/>
        <line num="17" count="5" type="stmt"/>
        <line num="18" count="5" type="stmt"/>
        <line num="19" count="5" type="stmt"/>
        <line num="20" count="5" type="stmt"/>
        <line num="52" count="5" type="stmt"/>
        <line num="55" count="5" type="stmt"/>
        <line num="56" count="4" type="cond" truecount="2" falsecount="0"/>
        <line num="60" count="5" type="stmt"/>
        <line num="63" count="5" type="stmt"/>
        <line num="66" count="5" type="stmt"/>
        <line num="69" count="5" type="stmt"/>
        <line num="72" count="5" type="stmt"/>
        <line num="73" count="5" type="cond" truecount="1" falsecount="1"/>
        <line num="78" count="5" type="stmt"/>
        <line num="79" count="8" type="stmt"/>
        <line num="80" count="8" type="stmt"/>
        <line num="81" count="8" type="stmt"/>
        <line num="95" count="8" type="stmt"/>
        <line num="96" count="1" type="stmt"/>
        <line num="98" count="8" type="stmt"/>
        <line num="99" count="1" type="stmt"/>
        <line num="103" count="8" type="stmt"/>
        <line num="104" count="2" type="stmt"/>
        <line num="105" count="2" type="stmt"/>
        <line num="106" count="2" type="stmt"/>
        <line num="107" count="2" type="stmt"/>
        <line num="108" count="2" type="stmt"/>
        <line num="112" count="8" type="stmt"/>
        <line num="113" count="8" type="cond" truecount="1" falsecount="1"/>
        <line num="114" count="8" type="stmt"/>
        <line num="115" count="8" type="stmt"/>
        <line num="116" count="1" type="stmt"/>
        <line num="117" count="1" type="stmt"/>
        <line num="119" count="8" type="stmt"/>
        <line num="125" count="8" type="stmt"/>
        <line num="126" count="8" type="stmt"/>
        <line num="127" count="8" type="stmt"/>
        <line num="128" count="8" type="stmt"/>
        <line num="136" count="8" type="stmt"/>
        <line num="137" count="8" type="stmt"/>
        <line num="138" count="8" type="stmt"/>
        <line num="146" count="5" type="stmt"/>
        <line num="147" count="1" type="cond" truecount="3" falsecount="1"/>
        <line num="149" count="1" type="stmt"/>
        <line num="156" count="1" type="stmt"/>
        <line num="159" count="1" type="stmt"/>
        <line num="160" count="1" type="cond" truecount="1" falsecount="1"/>
        <line num="161" count="0" type="stmt"/>
        <line num="165" count="1" type="stmt"/>
      </file>
      <file name="priceHelper.js" path="F:\Downloads\Repo-of-Truth\source\assets\scripts\priceHelper.js">
        <metrics statements="10" coveredstatements="10" conditionals="6" coveredconditionals="6" methods="3" coveredmethods="3"/>
        <line num="19" count="19" type="stmt"/>
        <line num="20" count="19" type="cond" truecount="2" falsecount="0"/>
        <line num="22" count="3" type="stmt"/>
        <line num="23" count="6" type="stmt"/>
        <line num="24" count="6" type="stmt"/>
        <line num="26" count="3" type="cond" truecount="2" falsecount="0"/>
        <line num="27" count="1" type="stmt"/>
        <line num="30" count="2" type="stmt"/>
        <line num="31" count="2" type="stmt"/>
        <line num="33" count="2" type="cond" truecount="2" falsecount="0"/>
      </file>
    </package>
    <package name="source.components.binder">
      <metrics statements="131" coveredstatements="95" conditionals="52" coveredconditionals="41" methods="19" coveredmethods="10"/>
      <file name="pokemon-binder.js" path="F:\Downloads\Repo-of-Truth\source\components\binder\pokemon-binder.js">
        <metrics statements="131" coveredstatements="95" conditionals="52" coveredconditionals="41" methods="19" coveredmethods="10"/>
        <line num="10" count="1" type="stmt"/>
        <line num="11" count="1" type="stmt"/>
        <line num="257" count="70" type="stmt"/>
        <line num="258" count="70" type="stmt"/>
        <line num="259" count="70" type="stmt"/>
        <line num="260" count="70" type="stmt"/>
        <line num="261" count="70" type="stmt"/>
        <line num="262" count="70" type="stmt"/>
        <line num="263" count="70" type="stmt"/>
        <line num="264" count="70" type="stmt"/>
        <line num="265" count="70" type="stmt"/>
        <line num="266" count="70" type="stmt"/>
        <line num="267" count="70" type="stmt"/>
        <line num="268" count="70" type="stmt"/>
        <line num="270" count="70" type="stmt"/>
        <line num="272" count="70" type="stmt"/>
        <line num="274" count="70" type="stmt"/>
        <line num="283" count="11" type="cond" truecount="1" falsecount="1"/>
        <line num="284" count="11" type="stmt"/>
        <line num="285" count="11" type="stmt"/>
        <line num="286" count="21" type="stmt"/>
        <line num="287" count="21" type="stmt"/>
        <line num="288" count="21" type="cond" truecount="8" falsecount="0"/>
        <line num="289" count="13" type="cond" truecount="2" falsecount="0"/>
        <line num="290" count="13" type="stmt"/>
        <line num="292" count="11" type="stmt"/>
        <line num="293" count="11" type="cond" truecount="1" falsecount="1"/>
        <line num="294" count="11" type="stmt"/>
        <line num="303" count="83" type="stmt"/>
        <line num="304" count="83" type="stmt"/>
        <line num="305" count="83" type="stmt"/>
        <line num="306" count="83" type="stmt"/>
        <line num="308" count="83" type="stmt"/>
        <line num="309" count="83" type="stmt"/>
        <line num="311" count="83" type="stmt"/>
        <line num="312" count="83" type="stmt"/>
        <line num="313" count="83" type="stmt"/>
        <line num="314" count="83" type="stmt"/>
        <line num="326" count="506" type="stmt"/>
        <line num="327" count="505" type="cond" truecount="2" falsecount="0"/>
        <line num="328" count="505" type="stmt"/>
        <line num="329" count="505" type="stmt"/>
        <line num="330" count="505" type="cond" truecount="2" falsecount="0"/>
        <line num="331" count="505" type="stmt"/>
        <line num="332" count="4545" type="stmt"/>
        <line num="333" count="4545" type="stmt"/>
        <line num="334" count="4545" type="cond" truecount="2" falsecount="0"/>
        <line num="335" count="28" type="stmt"/>
        <line num="336" count="28" type="stmt"/>
        <line num="337" count="28" type="stmt"/>
        <line num="338" count="28" type="stmt"/>
        <line num="339" count="28" type="stmt"/>
        <line num="340" count="28" type="stmt"/>
        <line num="342" count="4517" type="stmt"/>
        <line num="344" count="4545" type="stmt"/>
        <line num="353" count="6" type="cond" truecount="1" falsecount="1"/>
        <line num="354" count="6" type="stmt"/>
        <line num="355" count="6" type="stmt"/>
        <line num="356" count="6" type="stmt"/>
        <line num="358" count="6" type="stmt"/>
        <line num="359" count="0" type="stmt"/>
        <line num="360" count="0" type="stmt"/>
        <line num="361" count="0" type="stmt"/>
        <line num="362" count="0" type="stmt"/>
        <line num="363" count="0" type="stmt"/>
        <line num="364" count="0" type="stmt"/>
        <line num="365" count="0" type="stmt"/>
        <line num="366" count="0" type="stmt"/>
        <line num="367" count="0" type="stmt"/>
        <line num="368" count="0" type="stmt"/>
        <line num="377" count="5" type="cond" truecount="4" falsecount="0"/>
        <line num="378" count="2" type="stmt"/>
        <line num="379" count="2" type="stmt"/>
        <line num="380" count="2" type="stmt"/>
        <line num="382" count="2" type="stmt"/>
        <line num="383" count="0" type="stmt"/>
        <line num="384" count="0" type="stmt"/>
        <line num="385" count="0" type="stmt"/>
        <line num="386" count="0" type="stmt"/>
        <line num="387" count="0" type="stmt"/>
        <line num="388" count="0" type="stmt"/>
        <line num="389" count="0" type="stmt"/>
        <line num="390" count="0" type="stmt"/>
        <line num="391" count="0" type="stmt"/>
        <line num="392" count="0" type="stmt"/>
        <line num="402" count="11" type="stmt"/>
        <line num="403" count="11" type="cond" truecount="2" falsecount="0"/>
        <line num="405" count="11" type="stmt"/>
        <line num="406" count="11" type="stmt"/>
        <line num="407" count="11" type="stmt"/>
        <line num="408" count="11" type="cond" truecount="2" falsecount="0"/>
        <line num="409" count="3" type="stmt"/>
        <line num="410" count="2" type="stmt"/>
        <line num="411" count="2" type="cond" truecount="1" falsecount="1"/>
        <line num="412" count="2" type="stmt"/>
        <line num="413" count="2" type="stmt"/>
        <line num="417" count="3" type="stmt"/>
        <line num="419" count="11" type="cond" truecount="2" falsecount="0"/>
        <line num="420" count="11" type="stmt"/>
        <line num="421" count="11" type="cond" truecount="2" falsecount="0"/>
        <line num="422" count="11" type="cond" truecount="2" falsecount="0"/>
        <line num="423" count="11" type="cond" truecount="2" falsecount="0"/>
        <line num="424" count="11" type="cond" truecount="2" falsecount="0"/>
        <line num="425" count="11" type="stmt"/>
        <line num="426" count="11" type="stmt"/>
        <line num="427" count="11" type="stmt"/>
        <line num="428" count="11" type="stmt"/>
        <line num="446" count="11" type="stmt"/>
        <line num="447" count="3" type="cond" truecount="1" falsecount="1"/>
        <line num="450" count="11" type="stmt"/>
        <line num="451" count="0" type="stmt"/>
        <line num="452" count="0" type="cond" truecount="0" falsecount="2"/>
        <line num="453" count="0" type="stmt"/>
        <line num="454" count="0" type="stmt"/>
        <line num="455" count="0" type="cond" truecount="0" falsecount="2"/>
        <line num="456" count="0" type="stmt"/>
        <line num="457" count="0" type="stmt"/>
        <line num="458" count="0" type="stmt"/>
        <line num="459" count="0" type="cond" truecount="0" falsecount="2"/>
        <line num="460" count="0" type="stmt"/>
        <line num="462" count="0" type="stmt"/>
        <line num="464" count="0" type="stmt"/>
        <line num="465" count="0" type="stmt"/>
        <line num="467" count="0" type="stmt"/>
        <line num="469" count="0" type="stmt"/>
        <line num="474" count="11" type="stmt"/>
        <line num="475" count="11" type="stmt"/>
        <line num="476" count="0" type="stmt"/>
        <line num="484" count="5" type="stmt"/>
        <line num="485" count="5" type="cond" truecount="2" falsecount="0"/>
        <line num="489" count="1" type="stmt"/>
      </file>
    </package>
    <package name="source.components.collection">
      <metrics statements="69" coveredstatements="67" conditionals="22" coveredconditionals="18" methods="15" coveredmethods="14"/>
      <file name="collection-view.js" path="F:\Downloads\Repo-of-Truth\source\components\collection\collection-view.js">
        <metrics statements="69" coveredstatements="67" conditionals="22" coveredconditionals="18" methods="15" coveredmethods="14"/>
        <line num="7" count="1" type="stmt"/>
        <line num="20" count="11" type="stmt"/>
        <line num="21" count="11" type="stmt"/>
        <line num="22" count="11" type="stmt"/>
        <line num="110" count="11" type="stmt"/>
        <line num="119" count="21" type="stmt"/>
        <line num="120" count="21" type="cond" truecount="2" falsecount="0"/>
        <line num="121" count="8" type="stmt"/>
        <line num="122" count="8" type="stmt"/>
        <line num="123" count="6" type="cond" truecount="1" falsecount="1"/>
        <line num="128" count="15" type="stmt"/>
        <line num="136" count="21" type="stmt"/>
        <line num="144" count="18" type="stmt"/>
        <line num="145" count="18" type="stmt"/>
        <line num="146" count="18" type="stmt"/>
        <line num="147" count="18" type="cond" truecount="2" falsecount="0"/>
        <line num="148" count="12" type="stmt"/>
        <line num="149" count="12" type="stmt"/>
        <line num="150" count="12" type="stmt"/>
        <line num="152" count="6" type="stmt"/>
        <line num="153" count="6" type="stmt"/>
        <line num="154" count="7" type="stmt"/>
        <line num="155" count="7" type="stmt"/>
        <line num="156" count="7" type="stmt"/>
        <line num="157" count="7" type="stmt"/>
        <line num="158" count="7" type="stmt"/>
        <line num="160" count="7" type="stmt"/>
        <line num="161" count="0" type="stmt"/>
        <line num="162" count="0" type="stmt"/>
        <line num="165" count="7" type="stmt"/>
        <line num="166" count="7" type="stmt"/>
        <line num="167" count="7" type="stmt"/>
        <line num="168" count="7" type="stmt"/>
        <line num="169" count="7" type="stmt"/>
        <line num="170" count="7" type="stmt"/>
        <line num="172" count="7" type="stmt"/>
        <line num="173" count="2" type="stmt"/>
        <line num="179" count="2" type="stmt"/>
        <line num="180" count="2" type="cond" truecount="1" falsecount="1"/>
        <line num="182" count="2" type="stmt"/>
        <line num="183" count="2" type="stmt"/>
        <line num="184" count="2" type="stmt"/>
        <line num="185" count="2" type="stmt"/>
        <line num="187" count="2" type="stmt"/>
        <line num="189" count="2" type="cond" truecount="1" falsecount="1"/>
        <line num="190" count="2" type="stmt"/>
        <line num="194" count="2" type="stmt"/>
        <line num="197" count="2" type="cond" truecount="2" falsecount="0"/>
        <line num="198" count="2" type="stmt"/>
        <line num="199" count="2" type="cond" truecount="2" falsecount="0"/>
        <line num="200" count="2" type="cond" truecount="2" falsecount="0"/>
        <line num="201" count="2" type="cond" truecount="2" falsecount="0"/>
        <line num="202" count="2" type="cond" truecount="2" falsecount="0"/>
        <line num="204" count="2" type="stmt"/>
        <line num="205" count="2" type="stmt"/>
        <line num="206" count="2" type="stmt"/>
        <line num="208" count="2" type="stmt"/>
        <line num="228" count="2" type="stmt"/>
        <line num="229" count="1" type="cond" truecount="1" falsecount="1"/>
        <line num="232" count="2" type="stmt"/>
        <line num="233" count="2" type="stmt"/>
        <line num="234" count="2" type="stmt"/>
        <line num="235" count="1" type="stmt"/>
        <line num="236" count="1" type="stmt"/>
        <line num="237" count="1" type="stmt"/>
        <line num="238" count="1" type="stmt"/>
        <line num="242" count="2" type="stmt"/>
        <line num="243" count="2" type="stmt"/>
        <line num="248" count="1" type="stmt"/>
      </file>
    </package>
  </project>
</coverage>
