{"/Users/alainzhang/Documents/GitHub/Repo-of-Truth/source/assets/scripts/binder-controller.js": {"path":"/Users/alainzhang/Documents/GitHub/Repo-of-Truth/source/assets/scripts/binder-controller.js","statementMap":{"0":{"start":{"line":10,"column":14},"end":{"line":10,"column":55}},"1":{"start":{"line":11,"column":19},"end":{"line":11,"column":21}},"2":{"start":{"line":12,"column":2},"end":{"line":19,"column":3}},"3":{"start":{"line":13,"column":19},"end":{"line":13,"column":34}},"4":{"start":{"line":14,"column":4},"end":{"line":16,"column":5}},"5":{"start":{"line":15,"column":6},"end":{"line":15,"column":26}},"6":{"start":{"line":18,"column":4},"end":{"line":18,"column":20}},"7":{"start":{"line":21,"column":17},"end":{"line":21,"column":57}},"8":{"start":{"line":22,"column":2},"end":{"line":24,"column":3}},"9":{"start":{"line":23,"column":4},"end":{"line":23,"column":32}},"10":{"start":{"line":31,"column":17},"end":{"line":31,"column":57}},"11":{"start":{"line":32,"column":2},"end":{"line":34,"column":3}},"12":{"start":{"line":33,"column":4},"end":{"line":33,"column":25}},"13":{"start":{"line":41,"column":17},"end":{"line":41,"column":57}},"14":{"start":{"line":42,"column":2},"end":{"line":44,"column":3}},"15":{"start":{"line":43,"column":4},"end":{"line":43,"column":26}},"16":{"start":{"line":47,"column":0},"end":{"line":61,"column":3}},"17":{"start":{"line":48,"column":2},"end":{"line":48,"column":17}},"18":{"start":{"line":50,"column":2},"end":{"line":52,"column":5}},"19":{"start":{"line":51,"column":4},"end":{"line":51,"column":65}},"20":{"start":{"line":54,"column":2},"end":{"line":56,"column":47}},"21":{"start":{"line":58,"column":2},"end":{"line":60,"column":46}},"22":{"start":{"line":64,"column":2},"end":{"line":64,"column":17}}},"fnMap":{"0":{"name":"updateBinder","decl":{"start":{"line":9,"column":9},"end":{"line":9,"column":21}},"loc":{"start":{"line":9,"column":24},"end":{"line":25,"column":1}},"line":9},"1":{"name":"turnPageRight","decl":{"start":{"line":30,"column":9},"end":{"line":30,"column":22}},"loc":{"start":{"line":30,"column":25},"end":{"line":35,"column":1}},"line":30},"2":{"name":"turnPageLeft","decl":{"start":{"line":40,"column":9},"end":{"line":40,"column":21}},"loc":{"start":{"line":40,"column":24},"end":{"line":45,"column":1}},"line":40},"3":{"name":"(anonymous_3)","decl":{"start":{"line":47,"column":46},"end":{"line":47,"column":47}},"loc":{"start":{"line":47,"column":52},"end":{"line":61,"column":1}},"line":47},"4":{"name":"(anonymous_4)","decl":{"start":{"line":50,"column":64},"end":{"line":50,"column":65}},"loc":{"start":{"line":50,"column":70},"end":{"line":52,"column":3}},"line":50},"5":{"name":"handleAddCard","decl":{"start":{"line":63,"column":16},"end":{"line":63,"column":29}},"loc":{"start":{"line":63,"column":38},"end":{"line":65,"column":1}},"line":63}},"branchMap":{"0":{"loc":{"start":{"line":14,"column":4},"end":{"line":16,"column":5}},"type":"if","locations":[{"start":{"line":14,"column":4},"end":{"line":16,"column":5}},{"start":{},"end":{}}],"line":14},"1":{"loc":{"start":{"line":22,"column":2},"end":{"line":24,"column":3}},"type":"if","locations":[{"start":{"line":22,"column":2},"end":{"line":24,"column":3}},{"start":{},"end":{}}],"line":22},"2":{"loc":{"start":{"line":32,"column":2},"end":{"line":34,"column":3}},"type":"if","locations":[{"start":{"line":32,"column":2},"end":{"line":34,"column":3}},{"start":{},"end":{}}],"line":32},"3":{"loc":{"start":{"line":42,"column":2},"end":{"line":44,"column":3}},"type":"if","locations":[{"start":{"line":42,"column":2},"end":{"line":44,"column":3}},{"start":{},"end":{}}],"line":42}},"s":{"0":0,"1":0,"2":0,"3":0,"4":0,"5":0,"6":0,"7":0,"8":0,"9":0,"10":0,"11":0,"12":0,"13":0,"14":0,"15":0,"16":1,"17":0,"18":0,"19":0,"20":0,"21":0,"22":0},"f":{"0":0,"1":0,"2":0,"3":0,"4":0,"5":0},"b":{"0":[0,0],"1":[0,0],"2":[0,0],"3":[0,0]},"_coverageSchema":"1a1c01bbd47fc00a2c39e90264f33305004495a9","hash":"774b2f0165052c06730248df36abbe8b537c0f8c"}
,"/Users/alainzhang/Documents/GitHub/Repo-of-Truth/source/components/binder/pokemon-binder.js": {"path":"/Users/alainzhang/Documents/GitHub/Repo-of-Truth/source/components/binder/pokemon-binder.js","statementMap":{"0":{"start":{"line":10,"column":17},"end":{"line":10,"column":51}},"1":{"start":{"line":11,"column":0},"end":{"line":246,"column":2}},"2":{"start":{"line":250,"column":4},"end":{"line":250,"column":12}},"3":{"start":{"line":251,"column":4},"end":{"line":251,"column":40}},"4":{"start":{"line":252,"column":4},"end":{"line":252,"column":66}},"5":{"start":{"line":255,"column":4},"end":{"line":255,"column":31}},"6":{"start":{"line":256,"column":4},"end":{"line":256,"column":26}},"7":{"start":{"line":258,"column":4},"end":{"line":258,"column":65}},"8":{"start":{"line":259,"column":4},"end":{"line":259,"column":67}},"9":{"start":{"line":260,"column":4},"end":{"line":260,"column":62}},"10":{"start":{"line":261,"column":4},"end":{"line":261,"column":66}},"11":{"start":{"line":263,"column":4},"end":{"line":263,"column":24}},"12":{"start":{"line":273,"column":4},"end":{"line":273,"column":43}},"13":{"start":{"line":273,"column":36},"end":{"line":273,"column":43}},"14":{"start":{"line":276,"column":21},"end":{"line":276,"column":30}},"15":{"start":{"line":278,"column":4},"end":{"line":298,"column":5}},"16":{"start":{"line":279,"column":19},"end":{"line":279,"column":42}},"17":{"start":{"line":280,"column":19},"end":{"line":280,"column":42}},"18":{"start":{"line":283,"column":6},"end":{"line":292,"column":7}},"19":{"start":{"line":291,"column":8},"end":{"line":291,"column":17}},"20":{"start":{"line":294,"column":6},"end":{"line":296,"column":7}},"21":{"start":{"line":295,"column":8},"end":{"line":295,"column":53}},"22":{"start":{"line":297,"column":6},"end":{"line":297,"column":45}},"23":{"start":{"line":301,"column":4},"end":{"line":301,"column":30}},"24":{"start":{"line":304,"column":4},"end":{"line":310,"column":5}},"25":{"start":{"line":305,"column":21},"end":{"line":305,"column":49}},"26":{"start":{"line":307,"column":6},"end":{"line":307,"column":69}},"27":{"start":{"line":309,"column":6},"end":{"line":309,"column":28}},"28":{"start":{"line":313,"column":4},"end":{"line":313,"column":24}},"29":{"start":{"line":322,"column":26},"end":{"line":322,"column":63}},"30":{"start":{"line":323,"column":25},"end":{"line":323,"column":66}},"31":{"start":{"line":324,"column":27},"end":{"line":324,"column":68}},"32":{"start":{"line":325,"column":26},"end":{"line":325,"column":67}},"33":{"start":{"line":328,"column":4},"end":{"line":332,"column":6}},"34":{"start":{"line":334,"column":4},"end":{"line":338,"column":6}},"35":{"start":{"line":341,"column":4},"end":{"line":345,"column":6}},"36":{"start":{"line":347,"column":4},"end":{"line":351,"column":6}},"37":{"start":{"line":362,"column":22},"end":{"line":362,"column":58}},"38":{"start":{"line":363,"column":4},"end":{"line":363,"column":71}},"39":{"start":{"line":365,"column":22},"end":{"line":365,"column":62}},"40":{"start":{"line":366,"column":4},"end":{"line":366,"column":29}},"41":{"start":{"line":369,"column":17},"end":{"line":369,"column":56}},"42":{"start":{"line":371,"column":4},"end":{"line":383,"column":5}},"43":{"start":{"line":371,"column":17},"end":{"line":371,"column":18}},"44":{"start":{"line":372,"column":19},"end":{"line":372,"column":48}},"45":{"start":{"line":373,"column":6},"end":{"line":373,"column":35}},"46":{"start":{"line":375,"column":6},"end":{"line":381,"column":7}},"47":{"start":{"line":376,"column":20},"end":{"line":376,"column":49}},"48":{"start":{"line":377,"column":8},"end":{"line":377,"column":26}},"49":{"start":{"line":378,"column":8},"end":{"line":378,"column":33}},"50":{"start":{"line":379,"column":8},"end":{"line":379,"column":69}},"51":{"start":{"line":379,"column":44},"end":{"line":379,"column":67}},"52":{"start":{"line":380,"column":8},"end":{"line":380,"column":30}},"53":{"start":{"line":382,"column":6},"end":{"line":382,"column":34}},"54":{"start":{"line":391,"column":25},"end":{"line":391,"column":66}},"55":{"start":{"line":392,"column":4},"end":{"line":396,"column":6}},"56":{"start":{"line":398,"column":4},"end":{"line":398,"column":50}},"57":{"start":{"line":399,"column":4},"end":{"line":414,"column":6}},"58":{"start":{"line":402,"column":8},"end":{"line":402,"column":57}},"59":{"start":{"line":404,"column":8},"end":{"line":404,"column":31}},"60":{"start":{"line":406,"column":31},"end":{"line":406,"column":63}},"61":{"start":{"line":407,"column":8},"end":{"line":407,"column":50}},"62":{"start":{"line":408,"column":8},"end":{"line":408,"column":28}},"63":{"start":{"line":410,"column":8},"end":{"line":410,"column":41}},"64":{"start":{"line":411,"column":8},"end":{"line":411,"column":58}},"65":{"start":{"line":421,"column":4},"end":{"line":421,"column":38}},"66":{"start":{"line":421,"column":31},"end":{"line":421,"column":38}},"67":{"start":{"line":424,"column":25},"end":{"line":424,"column":66}},"68":{"start":{"line":425,"column":4},"end":{"line":429,"column":6}},"69":{"start":{"line":431,"column":4},"end":{"line":431,"column":46}},"70":{"start":{"line":432,"column":4},"end":{"line":445,"column":6}},"71":{"start":{"line":435,"column":8},"end":{"line":435,"column":53}},"72":{"start":{"line":437,"column":8},"end":{"line":437,"column":31}},"73":{"start":{"line":438,"column":31},"end":{"line":438,"column":62}},"74":{"start":{"line":439,"column":8},"end":{"line":439,"column":49}},"75":{"start":{"line":440,"column":8},"end":{"line":440,"column":28}},"76":{"start":{"line":441,"column":8},"end":{"line":441,"column":40}},"77":{"start":{"line":442,"column":8},"end":{"line":442,"column":57}},"78":{"start":{"line":453,"column":21},"end":{"line":453,"column":68}},"79":{"start":{"line":454,"column":4},"end":{"line":454,"column":36}},"80":{"start":{"line":454,"column":18},"end":{"line":454,"column":36}},"81":{"start":{"line":456,"column":18},"end":{"line":456,"column":47}},"82":{"start":{"line":457,"column":4},"end":{"line":457,"column":35}},"83":{"start":{"line":458,"column":4},"end":{"line":458,"column":38}},"84":{"start":{"line":459,"column":4},"end":{"line":474,"column":6}},"85":{"start":{"line":475,"column":4},"end":{"line":477,"column":7}},"86":{"start":{"line":476,"column":6},"end":{"line":476,"column":45}},"87":{"start":{"line":476,"column":30},"end":{"line":476,"column":45}},"88":{"start":{"line":478,"column":4},"end":{"line":483,"column":10}},"89":{"start":{"line":479,"column":24},"end":{"line":479,"column":58}},"90":{"start":{"line":480,"column":6},"end":{"line":482,"column":7}},"91":{"start":{"line":481,"column":8},"end":{"line":481,"column":70}},"92":{"start":{"line":481,"column":50},"end":{"line":481,"column":68}},"93":{"start":{"line":484,"column":4},"end":{"line":484,"column":37}},"94":{"start":{"line":485,"column":4},"end":{"line":487,"column":11}},"95":{"start":{"line":486,"column":6},"end":{"line":486,"column":39}},"96":{"start":{"line":494,"column":18},"end":{"line":494,"column":65}},"97":{"start":{"line":495,"column":4},"end":{"line":495,"column":30}},"98":{"start":{"line":495,"column":15},"end":{"line":495,"column":30}},"99":{"start":{"line":502,"column":21},"end":{"line":502,"column":68}},"100":{"start":{"line":503,"column":4},"end":{"line":503,"column":36}},"101":{"start":{"line":503,"column":18},"end":{"line":503,"column":36}},"102":{"start":{"line":505,"column":18},"end":{"line":505,"column":47}},"103":{"start":{"line":506,"column":4},"end":{"line":506,"column":35}},"104":{"start":{"line":507,"column":4},"end":{"line":507,"column":38}},"105":{"start":{"line":508,"column":4},"end":{"line":532,"column":6}},"106":{"start":{"line":534,"column":4},"end":{"line":534,"column":37}},"107":{"start":{"line":535,"column":4},"end":{"line":537,"column":7}},"108":{"start":{"line":536,"column":6},"end":{"line":536,"column":45}},"109":{"start":{"line":536,"column":30},"end":{"line":536,"column":45}},"110":{"start":{"line":539,"column":18},"end":{"line":539,"column":57}},"111":{"start":{"line":540,"column":22},"end":{"line":540,"column":62}},"112":{"start":{"line":541,"column":23},"end":{"line":541,"column":64}},"113":{"start":{"line":542,"column":23},"end":{"line":542,"column":27}},"114":{"start":{"line":544,"column":4},"end":{"line":568,"column":7}},"115":{"start":{"line":545,"column":6},"end":{"line":567,"column":7}},"116":{"start":{"line":547,"column":8},"end":{"line":553,"column":9}},"117":{"start":{"line":548,"column":10},"end":{"line":552,"column":13}},"118":{"start":{"line":555,"column":8},"end":{"line":555,"column":49}},"119":{"start":{"line":557,"column":25},"end":{"line":557,"column":65}},"120":{"start":{"line":558,"column":8},"end":{"line":560,"column":9}},"121":{"start":{"line":559,"column":10},"end":{"line":559,"column":53}},"122":{"start":{"line":562,"column":23},"end":{"line":562,"column":67}},"123":{"start":{"line":563,"column":8},"end":{"line":565,"column":9}},"124":{"start":{"line":564,"column":10},"end":{"line":564,"column":26}},"125":{"start":{"line":566,"column":8},"end":{"line":566,"column":66}},"126":{"start":{"line":570,"column":4},"end":{"line":643,"column":7}},"127":{"start":{"line":571,"column":20},"end":{"line":571,"column":41}},"128":{"start":{"line":572,"column":6},"end":{"line":572,"column":75}},"129":{"start":{"line":574,"column":6},"end":{"line":642,"column":7}},"130":{"start":{"line":575,"column":22},"end":{"line":575,"column":49}},"131":{"start":{"line":576,"column":8},"end":{"line":576,"column":33}},"132":{"start":{"line":578,"column":8},"end":{"line":581,"column":9}},"133":{"start":{"line":579,"column":10},"end":{"line":579,"column":57}},"134":{"start":{"line":580,"column":10},"end":{"line":580,"column":17}},"135":{"start":{"line":583,"column":8},"end":{"line":639,"column":11}},"136":{"start":{"line":584,"column":26},"end":{"line":584,"column":55}},"137":{"start":{"line":585,"column":10},"end":{"line":585,"column":37}},"138":{"start":{"line":586,"column":10},"end":{"line":600,"column":13}},"139":{"start":{"line":602,"column":10},"end":{"line":604,"column":13}},"140":{"start":{"line":603,"column":12},"end":{"line":603,"column":52}},"141":{"start":{"line":605,"column":10},"end":{"line":607,"column":13}},"142":{"start":{"line":606,"column":12},"end":{"line":606,"column":49}},"143":{"start":{"line":608,"column":10},"end":{"line":615,"column":13}},"144":{"start":{"line":609,"column":12},"end":{"line":611,"column":64}},"145":{"start":{"line":611,"column":31},"end":{"line":611,"column":62}},"146":{"start":{"line":612,"column":12},"end":{"line":612,"column":46}},"147":{"start":{"line":613,"column":12},"end":{"line":613,"column":32}},"148":{"start":{"line":614,"column":12},"end":{"line":614,"column":47}},"149":{"start":{"line":617,"column":22},"end":{"line":617,"column":51}},"150":{"start":{"line":618,"column":10},"end":{"line":618,"column":38}},"151":{"start":{"line":619,"column":10},"end":{"line":619,"column":30}},"152":{"start":{"line":620,"column":10},"end":{"line":623,"column":13}},"153":{"start":{"line":625,"column":25},"end":{"line":625,"column":54}},"154":{"start":{"line":626,"column":10},"end":{"line":626,"column":41}},"155":{"start":{"line":627,"column":10},"end":{"line":627,"column":41}},"156":{"start":{"line":628,"column":10},"end":{"line":634,"column":13}},"157":{"start":{"line":636,"column":10},"end":{"line":636,"column":35}},"158":{"start":{"line":637,"column":10},"end":{"line":637,"column":38}},"159":{"start":{"line":638,"column":10},"end":{"line":638,"column":41}},"160":{"start":{"line":641,"column":8},"end":{"line":641,"column":61}},"161":{"start":{"line":647,"column":0},"end":{"line":647,"column":55}}},"fnMap":{"0":{"name":"(anonymous_0)","decl":{"start":{"line":249,"column":2},"end":{"line":249,"column":3}},"loc":{"start":{"line":249,"column":16},"end":{"line":264,"column":3}},"line":249},"1":{"name":"(anonymous_1)","decl":{"start":{"line":272,"column":2},"end":{"line":272,"column":3}},"loc":{"start":{"line":272,"column":23},"end":{"line":314,"column":3}},"line":272},"2":{"name":"(anonymous_2)","decl":{"start":{"line":320,"column":2},"end":{"line":320,"column":3}},"loc":{"start":{"line":320,"column":17},"end":{"line":352,"column":3}},"line":320},"3":{"name":"(anonymous_3)","decl":{"start":{"line":361,"column":2},"end":{"line":361,"column":3}},"loc":{"start":{"line":361,"column":42},"end":{"line":384,"column":3}},"line":361},"4":{"name":"(anonymous_4)","decl":{"start":{"line":379,"column":38},"end":{"line":379,"column":39}},"loc":{"start":{"line":379,"column":44},"end":{"line":379,"column":67}},"line":379},"5":{"name":"(anonymous_5)","decl":{"start":{"line":389,"column":2},"end":{"line":389,"column":3}},"loc":{"start":{"line":389,"column":16},"end":{"line":415,"column":3}},"line":389},"6":{"name":"(anonymous_6)","decl":{"start":{"line":401,"column":6},"end":{"line":401,"column":7}},"loc":{"start":{"line":401,"column":12},"end":{"line":412,"column":7}},"line":401},"7":{"name":"(anonymous_7)","decl":{"start":{"line":420,"column":2},"end":{"line":420,"column":3}},"loc":{"start":{"line":420,"column":17},"end":{"line":446,"column":3}},"line":420},"8":{"name":"(anonymous_8)","decl":{"start":{"line":434,"column":6},"end":{"line":434,"column":7}},"loc":{"start":{"line":434,"column":12},"end":{"line":443,"column":7}},"line":434},"9":{"name":"(anonymous_9)","decl":{"start":{"line":452,"column":2},"end":{"line":452,"column":3}},"loc":{"start":{"line":452,"column":20},"end":{"line":488,"column":3}},"line":452},"10":{"name":"(anonymous_10)","decl":{"start":{"line":475,"column":36},"end":{"line":475,"column":37}},"loc":{"start":{"line":475,"column":43},"end":{"line":477,"column":5}},"line":475},"11":{"name":"(anonymous_11)","decl":{"start":{"line":478,"column":15},"end":{"line":478,"column":16}},"loc":{"start":{"line":478,"column":21},"end":{"line":483,"column":5}},"line":478},"12":{"name":"(anonymous_12)","decl":{"start":{"line":481,"column":44},"end":{"line":481,"column":45}},"loc":{"start":{"line":481,"column":50},"end":{"line":481,"column":68}},"line":481},"13":{"name":"(anonymous_13)","decl":{"start":{"line":485,"column":15},"end":{"line":485,"column":16}},"loc":{"start":{"line":485,"column":21},"end":{"line":487,"column":5}},"line":485},"14":{"name":"(anonymous_14)","decl":{"start":{"line":493,"column":2},"end":{"line":493,"column":3}},"loc":{"start":{"line":493,"column":16},"end":{"line":496,"column":3}},"line":493},"15":{"name":"(anonymous_15)","decl":{"start":{"line":501,"column":2},"end":{"line":501,"column":3}},"loc":{"start":{"line":501,"column":21},"end":{"line":644,"column":3}},"line":501},"16":{"name":"(anonymous_16)","decl":{"start":{"line":535,"column":36},"end":{"line":535,"column":37}},"loc":{"start":{"line":535,"column":43},"end":{"line":537,"column":5}},"line":535},"17":{"name":"(anonymous_17)","decl":{"start":{"line":544,"column":41},"end":{"line":544,"column":42}},"loc":{"start":{"line":544,"column":47},"end":{"line":568,"column":5}},"line":544},"18":{"name":"(anonymous_18)","decl":{"start":{"line":570,"column":36},"end":{"line":570,"column":37}},"loc":{"start":{"line":570,"column":49},"end":{"line":643,"column":5}},"line":570},"19":{"name":"(anonymous_19)","decl":{"start":{"line":583,"column":22},"end":{"line":583,"column":23}},"loc":{"start":{"line":583,"column":32},"end":{"line":639,"column":9}},"line":583},"20":{"name":"(anonymous_20)","decl":{"start":{"line":602,"column":48},"end":{"line":602,"column":49}},"loc":{"start":{"line":602,"column":54},"end":{"line":604,"column":11}},"line":602},"21":{"name":"(anonymous_21)","decl":{"start":{"line":605,"column":47},"end":{"line":605,"column":48}},"loc":{"start":{"line":605,"column":53},"end":{"line":607,"column":11}},"line":605},"22":{"name":"(anonymous_22)","decl":{"start":{"line":608,"column":44},"end":{"line":608,"column":45}},"loc":{"start":{"line":608,"column":50},"end":{"line":615,"column":11}},"line":608},"23":{"name":"(anonymous_23)","decl":{"start":{"line":611,"column":23},"end":{"line":611,"column":24}},"loc":{"start":{"line":611,"column":31},"end":{"line":611,"column":62}},"line":611}},"branchMap":{"0":{"loc":{"start":{"line":273,"column":4},"end":{"line":273,"column":43}},"type":"if","locations":[{"start":{"line":273,"column":4},"end":{"line":273,"column":43}},{"start":{},"end":{}}],"line":273},"1":{"loc":{"start":{"line":283,"column":6},"end":{"line":292,"column":7}},"type":"if","locations":[{"start":{"line":283,"column":6},"end":{"line":292,"column":7}},{"start":{},"end":{}}],"line":283},"2":{"loc":{"start":{"line":284,"column":8},"end":{"line":289,"column":20}},"type":"binary-expr","locations":[{"start":{"line":284,"column":8},"end":{"line":284,"column":31}},{"start":{"line":285,"column":8},"end":{"line":285,"column":16}},{"start":{"line":286,"column":8},"end":{"line":286,"column":31}},{"start":{"line":287,"column":8},"end":{"line":287,"column":16}},{"start":{"line":288,"column":8},"end":{"line":288,"column":16}},{"start":{"line":289,"column":8},"end":{"line":289,"column":20}}],"line":284},"3":{"loc":{"start":{"line":294,"column":6},"end":{"line":296,"column":7}},"type":"if","locations":[{"start":{"line":294,"column":6},"end":{"line":296,"column":7}},{"start":{},"end":{}}],"line":294},"4":{"loc":{"start":{"line":304,"column":4},"end":{"line":310,"column":5}},"type":"if","locations":[{"start":{"line":304,"column":4},"end":{"line":310,"column":5}},{"start":{"line":308,"column":11},"end":{"line":310,"column":5}}],"line":304},"5":{"loc":{"start":{"line":307,"column":26},"end":{"line":307,"column":68}},"type":"cond-expr","locations":[{"start":{"line":307,"column":47},"end":{"line":307,"column":53}},{"start":{"line":307,"column":57},"end":{"line":307,"column":67}}],"line":307},"6":{"loc":{"start":{"line":363,"column":28},"end":{"line":363,"column":70}},"type":"cond-expr","locations":[{"start":{"line":363,"column":45},"end":{"line":363,"column":65}},{"start":{"line":363,"column":68},"end":{"line":363,"column":70}}],"line":363},"7":{"loc":{"start":{"line":369,"column":17},"end":{"line":369,"column":56}},"type":"cond-expr","locations":[{"start":{"line":369,"column":43},"end":{"line":369,"column":51}},{"start":{"line":369,"column":54},"end":{"line":369,"column":56}}],"line":369},"8":{"loc":{"start":{"line":375,"column":6},"end":{"line":381,"column":7}},"type":"if","locations":[{"start":{"line":375,"column":6},"end":{"line":381,"column":7}},{"start":{},"end":{}}],"line":375},"9":{"loc":{"start":{"line":421,"column":4},"end":{"line":421,"column":38}},"type":"if","locations":[{"start":{"line":421,"column":4},"end":{"line":421,"column":38}},{"start":{},"end":{}}],"line":421},"10":{"loc":{"start":{"line":454,"column":4},"end":{"line":454,"column":36}},"type":"if","locations":[{"start":{"line":454,"column":4},"end":{"line":454,"column":36}},{"start":{},"end":{}}],"line":454},"11":{"loc":{"start":{"line":476,"column":6},"end":{"line":476,"column":45}},"type":"if","locations":[{"start":{"line":476,"column":6},"end":{"line":476,"column":45}},{"start":{},"end":{}}],"line":476},"12":{"loc":{"start":{"line":480,"column":6},"end":{"line":482,"column":7}},"type":"if","locations":[{"start":{"line":480,"column":6},"end":{"line":482,"column":7}},{"start":{},"end":{}}],"line":480},"13":{"loc":{"start":{"line":495,"column":4},"end":{"line":495,"column":30}},"type":"if","locations":[{"start":{"line":495,"column":4},"end":{"line":495,"column":30}},{"start":{},"end":{}}],"line":495},"14":{"loc":{"start":{"line":503,"column":4},"end":{"line":503,"column":36}},"type":"if","locations":[{"start":{"line":503,"column":4},"end":{"line":503,"column":36}},{"start":{},"end":{}}],"line":503},"15":{"loc":{"start":{"line":536,"column":6},"end":{"line":536,"column":45}},"type":"if","locations":[{"start":{"line":536,"column":6},"end":{"line":536,"column":45}},{"start":{},"end":{}}],"line":536},"16":{"loc":{"start":{"line":545,"column":6},"end":{"line":567,"column":7}},"type":"if","locations":[{"start":{"line":545,"column":6},"end":{"line":567,"column":7}},{"start":{},"end":{}}],"line":545},"17":{"loc":{"start":{"line":545,"column":10},"end":{"line":545,"column":52}},"type":"binary-expr","locations":[{"start":{"line":545,"column":10},"end":{"line":545,"column":22}},{"start":{"line":545,"column":26},"end":{"line":545,"column":52}}],"line":545},"18":{"loc":{"start":{"line":547,"column":8},"end":{"line":553,"column":9}},"type":"if","locations":[{"start":{"line":547,"column":8},"end":{"line":553,"column":9}},{"start":{},"end":{}}],"line":547},"19":{"loc":{"start":{"line":558,"column":8},"end":{"line":560,"column":9}},"type":"if","locations":[{"start":{"line":558,"column":8},"end":{"line":560,"column":9}},{"start":{},"end":{}}],"line":558},"20":{"loc":{"start":{"line":558,"column":12},"end":{"line":558,"column":45}},"type":"binary-expr","locations":[{"start":{"line":558,"column":12},"end":{"line":558,"column":20}},{"start":{"line":558,"column":24},"end":{"line":558,"column":45}}],"line":558},"21":{"loc":{"start":{"line":563,"column":8},"end":{"line":565,"column":9}},"type":"if","locations":[{"start":{"line":563,"column":8},"end":{"line":565,"column":9}},{"start":{},"end":{}}],"line":563},"22":{"loc":{"start":{"line":563,"column":12},"end":{"line":563,"column":57}},"type":"binary-expr","locations":[{"start":{"line":563,"column":12},"end":{"line":563,"column":18}},{"start":{"line":563,"column":22},"end":{"line":563,"column":57}}],"line":563},"23":{"loc":{"start":{"line":578,"column":8},"end":{"line":581,"column":9}},"type":"if","locations":[{"start":{"line":578,"column":8},"end":{"line":581,"column":9}},{"start":{},"end":{}}],"line":578}},"s":{"0":1,"1":1,"2":6,"3":6,"4":6,"5":6,"6":6,"7":6,"8":6,"9":6,"10":6,"11":6,"12":2,"13":0,"14":2,"15":2,"16":5,"17":5,"18":5,"19":3,"20":2,"21":2,"22":2,"23":2,"24":2,"25":1,"26":1,"27":1,"28":2,"29":8,"30":8,"31":8,"32":8,"33":8,"34":8,"35":8,"36":8,"37":34,"38":34,"39":34,"40":34,"41":34,"42":34,"43":34,"44":306,"45":306,"46":306,"47":2,"48":2,"49":2,"50":2,"51":0,"52":2,"53":306,"54":1,"55":1,"56":1,"57":1,"58":1,"59":1,"60":1,"61":1,"62":1,"63":1,"64":1,"65":2,"66":1,"67":1,"68":1,"69":1,"70":1,"71":1,"72":1,"73":1,"74":1,"75":1,"76":1,"77":1,"78":0,"79":0,"80":0,"81":0,"82":0,"83":0,"84":0,"85":0,"86":0,"87":0,"88":0,"89":0,"90":0,"91":0,"92":0,"93":0,"94":0,"95":0,"96":0,"97":0,"98":0,"99":0,"100":0,"101":0,"102":0,"103":0,"104":0,"105":0,"106":0,"107":0,"108":0,"109":0,"110":0,"111":0,"112":0,"113":0,"114":0,"115":0,"116":0,"117":0,"118":0,"119":0,"120":0,"121":0,"122":0,"123":0,"124":0,"125":0,"126":0,"127":0,"128":0,"129":0,"130":0,"131":0,"132":0,"133":0,"134":0,"135":0,"136":0,"137":0,"138":0,"139":0,"140":0,"141":0,"142":0,"143":0,"144":0,"145":0,"146":0,"147":0,"148":0,"149":0,"150":0,"151":0,"152":0,"153":0,"154":0,"155":0,"156":0,"157":0,"158":0,"159":0,"160":0,"161":1},"f":{"0":6,"1":2,"2":8,"3":34,"4":0,"5":1,"6":1,"7":2,"8":1,"9":0,"10":0,"11":0,"12":0,"13":0,"14":0,"15":0,"16":0,"17":0,"18":0,"19":0,"20":0,"21":0,"22":0,"23":0},"b":{"0":[0,2],"1":[3,2],"2":[5,4,4,4,4,3],"3":[2,0],"4":[1,1],"5":[1,0],"6":[20,14],"7":[4,30],"8":[2,304],"9":[1,1],"10":[0,0],"11":[0,0],"12":[0,0],"13":[0,0],"14":[0,0],"15":[0,0],"16":[0,0],"17":[0,0],"18":[0,0],"19":[0,0],"20":[0,0],"21":[0,0],"22":[0,0],"23":[0,0]},"_coverageSchema":"1a1c01bbd47fc00a2c39e90264f33305004495a9","hash":"5e665b40a52389f4446c32c39825688640f656cc"}
,"/Users/alainzhang/Documents/GitHub/Repo-of-Truth/source/demos/api-search/api/pokemonAPI.js": {"path":"/Users/alainzhang/Documents/GitHub/Repo-of-Truth/source/demos/api-search/api/pokemonAPI.js","statementMap":{"0":{"start":{"line":2,"column":17},"end":{"line":2,"column":47}},"1":{"start":{"line":3,"column":17},"end":{"line":3,"column":55}},"2":{"start":{"line":7,"column":2},"end":{"line":10,"column":4}},"3":{"start":{"line":16,"column":14},"end":{"line":16,"column":42}},"4":{"start":{"line":19,"column":2},"end":{"line":23,"column":5}},"5":{"start":{"line":20,"column":4},"end":{"line":22,"column":5}},"6":{"start":{"line":21,"column":6},"end":{"line":21,"column":48}},"7":{"start":{"line":25,"column":19},"end":{"line":28,"column":4}},"8":{"start":{"line":30,"column":2},"end":{"line":35,"column":3}},"9":{"start":{"line":31,"column":20},"end":{"line":31,"column":41}},"10":{"start":{"line":32,"column":4},"end":{"line":34,"column":6}},"11":{"start":{"line":37,"column":15},"end":{"line":37,"column":36}},"12":{"start":{"line":38,"column":2},"end":{"line":38,"column":14}},"13":{"start":{"line":49,"column":2},"end":{"line":51,"column":3}},"14":{"start":{"line":50,"column":4},"end":{"line":50,"column":72}},"15":{"start":{"line":55,"column":16},"end":{"line":55,"column":52}},"16":{"start":{"line":58,"column":17},"end":{"line":58,"column":57}},"17":{"start":{"line":61,"column":2},"end":{"line":61,"column":55}},"18":{"start":{"line":71,"column":2},"end":{"line":73,"column":3}},"19":{"start":{"line":72,"column":4},"end":{"line":72,"column":67}},"20":{"start":{"line":76,"column":2},"end":{"line":85,"column":3}},"21":{"start":{"line":77,"column":19},"end":{"line":77,"column":71}},"22":{"start":{"line":79,"column":4},"end":{"line":79,"column":31}},"23":{"start":{"line":81,"column":4},"end":{"line":83,"column":5}},"24":{"start":{"line":82,"column":6},"end":{"line":82,"column":18}},"25":{"start":{"line":84,"column":4},"end":{"line":84,"column":14}},"26":{"start":{"line":96,"column":2},"end":{"line":98,"column":3}},"27":{"start":{"line":97,"column":4},"end":{"line":97,"column":82}},"28":{"start":{"line":101,"column":18},"end":{"line":101,"column":29}},"29":{"start":{"line":102,"column":20},"end":{"line":104,"column":25}},"30":{"start":{"line":107,"column":17},"end":{"line":107,"column":38}},"31":{"start":{"line":108,"column":2},"end":{"line":110,"column":3}},"32":{"start":{"line":109,"column":4},"end":{"line":109,"column":92}},"33":{"start":{"line":111,"column":22},"end":{"line":111,"column":62}},"34":{"start":{"line":114,"column":17},"end":{"line":114,"column":46}},"35":{"start":{"line":116,"column":17},"end":{"line":116,"column":58}},"36":{"start":{"line":117,"column":2},"end":{"line":117,"column":55}},"37":{"start":{"line":126,"column":17},"end":{"line":126,"column":42}},"38":{"start":{"line":127,"column":2},"end":{"line":127,"column":55}},"39":{"start":{"line":136,"column":2},"end":{"line":138,"column":3}},"40":{"start":{"line":137,"column":4},"end":{"line":137,"column":68}},"41":{"start":{"line":140,"column":17},"end":{"line":143,"column":4}},"42":{"start":{"line":145,"column":2},"end":{"line":145,"column":55}}},"fnMap":{"0":{"name":"defaultHeaders","decl":{"start":{"line":6,"column":9},"end":{"line":6,"column":23}},"loc":{"start":{"line":6,"column":26},"end":{"line":11,"column":1}},"line":6},"1":{"name":"_fetchJson","decl":{"start":{"line":14,"column":15},"end":{"line":14,"column":25}},"loc":{"start":{"line":14,"column":49},"end":{"line":39,"column":1}},"line":14},"2":{"name":"(anonymous_2)","decl":{"start":{"line":19,"column":30},"end":{"line":19,"column":31}},"loc":{"start":{"line":19,"column":39},"end":{"line":23,"column":3}},"line":19},"3":{"name":"getCardsByName","decl":{"start":{"line":48,"column":22},"end":{"line":48,"column":36}},"loc":{"start":{"line":48,"column":43},"end":{"line":62,"column":1}},"line":48},"4":{"name":"getCardById","decl":{"start":{"line":70,"column":22},"end":{"line":70,"column":33}},"loc":{"start":{"line":70,"column":38},"end":{"line":86,"column":1}},"line":70},"5":{"name":"getCardsByNameAndNumber","decl":{"start":{"line":95,"column":22},"end":{"line":95,"column":45}},"loc":{"start":{"line":95,"column":60},"end":{"line":118,"column":1}},"line":95},"6":{"name":"getAllSets","decl":{"start":{"line":125,"column":22},"end":{"line":125,"column":32}},"loc":{"start":{"line":125,"column":35},"end":{"line":128,"column":1}},"line":125},"7":{"name":"getCardsBySet","decl":{"start":{"line":135,"column":22},"end":{"line":135,"column":35}},"loc":{"start":{"line":135,"column":43},"end":{"line":146,"column":1}},"line":135}},"branchMap":{"0":{"loc":{"start":{"line":14,"column":36},"end":{"line":14,"column":47}},"type":"default-arg","locations":[{"start":{"line":14,"column":45},"end":{"line":14,"column":47}}],"line":14},"1":{"loc":{"start":{"line":20,"column":4},"end":{"line":22,"column":5}},"type":"if","locations":[{"start":{"line":20,"column":4},"end":{"line":22,"column":5}},{"start":{},"end":{}}],"line":20},"2":{"loc":{"start":{"line":20,"column":8},"end":{"line":20,"column":57}},"type":"binary-expr","locations":[{"start":{"line":20,"column":8},"end":{"line":20,"column":33}},{"start":{"line":20,"column":37},"end":{"line":20,"column":57}}],"line":20},"3":{"loc":{"start":{"line":30,"column":2},"end":{"line":35,"column":3}},"type":"if","locations":[{"start":{"line":30,"column":2},"end":{"line":35,"column":3}},{"start":{},"end":{}}],"line":30},"4":{"loc":{"start":{"line":49,"column":2},"end":{"line":51,"column":3}},"type":"if","locations":[{"start":{"line":49,"column":2},"end":{"line":51,"column":3}},{"start":{},"end":{}}],"line":49},"5":{"loc":{"start":{"line":49,"column":6},"end":{"line":49,"column":39}},"type":"binary-expr","locations":[{"start":{"line":49,"column":6},"end":{"line":49,"column":11}},{"start":{"line":49,"column":15},"end":{"line":49,"column":39}}],"line":49},"6":{"loc":{"start":{"line":61,"column":9},"end":{"line":61,"column":54}},"type":"cond-expr","locations":[{"start":{"line":61,"column":38},"end":{"line":61,"column":49}},{"start":{"line":61,"column":52},"end":{"line":61,"column":54}}],"line":61},"7":{"loc":{"start":{"line":71,"column":2},"end":{"line":73,"column":3}},"type":"if","locations":[{"start":{"line":71,"column":2},"end":{"line":73,"column":3}},{"start":{},"end":{}}],"line":71},"8":{"loc":{"start":{"line":71,"column":6},"end":{"line":71,"column":35}},"type":"binary-expr","locations":[{"start":{"line":71,"column":6},"end":{"line":71,"column":9}},{"start":{"line":71,"column":13},"end":{"line":71,"column":35}}],"line":71},"9":{"loc":{"start":{"line":79,"column":11},"end":{"line":79,"column":30}},"type":"binary-expr","locations":[{"start":{"line":79,"column":11},"end":{"line":79,"column":22}},{"start":{"line":79,"column":26},"end":{"line":79,"column":30}}],"line":79},"10":{"loc":{"start":{"line":81,"column":4},"end":{"line":83,"column":5}},"type":"if","locations":[{"start":{"line":81,"column":4},"end":{"line":83,"column":5}},{"start":{},"end":{}}],"line":81},"11":{"loc":{"start":{"line":96,"column":2},"end":{"line":98,"column":3}},"type":"if","locations":[{"start":{"line":96,"column":2},"end":{"line":98,"column":3}},{"start":{},"end":{}}],"line":96},"12":{"loc":{"start":{"line":96,"column":6},"end":{"line":96,"column":22}},"type":"binary-expr","locations":[{"start":{"line":96,"column":6},"end":{"line":96,"column":11}},{"start":{"line":96,"column":15},"end":{"line":96,"column":22}}],"line":96},"13":{"loc":{"start":{"line":102,"column":20},"end":{"line":104,"column":25}},"type":"cond-expr","locations":[{"start":{"line":103,"column":6},"end":{"line":103,"column":25}},{"start":{"line":104,"column":6},"end":{"line":104,"column":25}}],"line":102},"14":{"loc":{"start":{"line":108,"column":2},"end":{"line":110,"column":3}},"type":"if","locations":[{"start":{"line":108,"column":2},"end":{"line":110,"column":3}},{"start":{},"end":{}}],"line":108},"15":{"loc":{"start":{"line":117,"column":9},"end":{"line":117,"column":54}},"type":"cond-expr","locations":[{"start":{"line":117,"column":38},"end":{"line":117,"column":49}},{"start":{"line":117,"column":52},"end":{"line":117,"column":54}}],"line":117},"16":{"loc":{"start":{"line":127,"column":9},"end":{"line":127,"column":54}},"type":"cond-expr","locations":[{"start":{"line":127,"column":38},"end":{"line":127,"column":49}},{"start":{"line":127,"column":52},"end":{"line":127,"column":54}}],"line":127},"17":{"loc":{"start":{"line":136,"column":2},"end":{"line":138,"column":3}},"type":"if","locations":[{"start":{"line":136,"column":2},"end":{"line":138,"column":3}},{"start":{},"end":{}}],"line":136},"18":{"loc":{"start":{"line":136,"column":6},"end":{"line":136,"column":41}},"type":"binary-expr","locations":[{"start":{"line":136,"column":6},"end":{"line":136,"column":12}},{"start":{"line":136,"column":16},"end":{"line":136,"column":41}}],"line":136},"19":{"loc":{"start":{"line":145,"column":9},"end":{"line":145,"column":54}},"type":"cond-expr","locations":[{"start":{"line":145,"column":38},"end":{"line":145,"column":49}},{"start":{"line":145,"column":52},"end":{"line":145,"column":54}}],"line":145}},"s":{"0":1,"1":1,"2":0,"3":0,"4":0,"5":0,"6":0,"7":0,"8":0,"9":0,"10":0,"11":0,"12":0,"13":0,"14":0,"15":0,"16":0,"17":0,"18":0,"19":0,"20":0,"21":0,"22":0,"23":0,"24":0,"25":0,"26":0,"27":0,"28":0,"29":0,"30":0,"31":0,"32":0,"33":0,"34":0,"35":0,"36":0,"37":0,"38":0,"39":0,"40":0,"41":0,"42":0},"f":{"0":0,"1":0,"2":0,"3":0,"4":0,"5":0,"6":0,"7":0},"b":{"0":[0],"1":[0,0],"2":[0,0],"3":[0,0],"4":[0,0],"5":[0,0],"6":[0,0],"7":[0,0],"8":[0,0],"9":[0,0],"10":[0,0],"11":[0,0],"12":[0,0],"13":[0,0],"14":[0,0],"15":[0,0],"16":[0,0],"17":[0,0],"18":[0,0],"19":[0,0]},"_coverageSchema":"1a1c01bbd47fc00a2c39e90264f33305004495a9","hash":"b9ac102d95589479b6543b4bacd2c0c43e4e1fc0"}
}
