{"/Users/alainzhang/Documents/GitHub/Repo-of-Truth/source/components/collection/collection-view.js": {"path":"/Users/alainzhang/Documents/GitHub/Repo-of-Truth/source/components/collection/collection-view.js","statementMap":{"0":{"start":{"line":5,"column":23},"end":{"line":5,"column":42}},"1":{"start":{"line":18,"column":4},"end":{"line":18,"column":12}},"2":{"start":{"line":19,"column":4},"end":{"line":19,"column":40}},"3":{"start":{"line":20,"column":4},"end":{"line":94,"column":6}},"4":{"start":{"line":102,"column":4},"end":{"line":102,"column":18}},"5":{"start":{"line":111,"column":19},"end":{"line":111,"column":55}},"6":{"start":{"line":112,"column":4},"end":{"line":119,"column":5}},"7":{"start":{"line":113,"column":6},"end":{"line":118,"column":7}},"8":{"start":{"line":114,"column":23},"end":{"line":114,"column":41}},"9":{"start":{"line":115,"column":8},"end":{"line":115,"column":49}},"10":{"start":{"line":115,"column":35},"end":{"line":115,"column":49}},"11":{"start":{"line":120,"column":4},"end":{"line":120,"column":14}},"12":{"start":{"line":128,"column":4},"end":{"line":128,"column":45}},"13":{"start":{"line":136,"column":22},"end":{"line":136,"column":71}},"14":{"start":{"line":137,"column":4},"end":{"line":137,"column":29}},"15":{"start":{"line":138,"column":23},"end":{"line":138,"column":43}},"16":{"start":{"line":139,"column":4},"end":{"line":142,"column":5}},"17":{"start":{"line":140,"column":6},"end":{"line":140,"column":108}},"18":{"start":{"line":141,"column":6},"end":{"line":141,"column":13}},"19":{"start":{"line":143,"column":4},"end":{"line":155,"column":7}},"20":{"start":{"line":144,"column":22},"end":{"line":144,"column":51}},"21":{"start":{"line":145,"column":6},"end":{"line":145,"column":44}},"22":{"start":{"line":146,"column":18},"end":{"line":146,"column":47}},"23":{"start":{"line":147,"column":6},"end":{"line":147,"column":28}},"24":{"start":{"line":148,"column":6},"end":{"line":148,"column":26}},"25":{"start":{"line":149,"column":21},"end":{"line":149,"column":50}},"26":{"start":{"line":150,"column":6},"end":{"line":150,"column":37}},"27":{"start":{"line":151,"column":6},"end":{"line":151,"column":37}},"28":{"start":{"line":152,"column":6},"end":{"line":152,"column":31}},"29":{"start":{"line":153,"column":6},"end":{"line":153,"column":34}},"30":{"start":{"line":154,"column":6},"end":{"line":154,"column":37}},"31":{"start":{"line":159,"column":0},"end":{"line":159,"column":63}}},"fnMap":{"0":{"name":"(anonymous_0)","decl":{"start":{"line":17,"column":2},"end":{"line":17,"column":3}},"loc":{"start":{"line":17,"column":16},"end":{"line":95,"column":3}},"line":17},"1":{"name":"(anonymous_1)","decl":{"start":{"line":101,"column":2},"end":{"line":101,"column":3}},"loc":{"start":{"line":101,"column":22},"end":{"line":103,"column":3}},"line":101},"2":{"name":"(anonymous_2)","decl":{"start":{"line":110,"column":2},"end":{"line":110,"column":3}},"loc":{"start":{"line":110,"column":25},"end":{"line":121,"column":3}},"line":110},"3":{"name":"(anonymous_3)","decl":{"start":{"line":127,"column":2},"end":{"line":127,"column":3}},"loc":{"start":{"line":127,"column":18},"end":{"line":129,"column":3}},"line":127},"4":{"name":"(anonymous_4)","decl":{"start":{"line":135,"column":2},"end":{"line":135,"column":3}},"loc":{"start":{"line":135,"column":11},"end":{"line":156,"column":3}},"line":135},"5":{"name":"(anonymous_5)","decl":{"start":{"line":143,"column":23},"end":{"line":143,"column":24}},"loc":{"start":{"line":143,"column":31},"end":{"line":155,"column":5}},"line":143}},"branchMap":{"0":{"loc":{"start":{"line":112,"column":4},"end":{"line":119,"column":5}},"type":"if","locations":[{"start":{"line":112,"column":4},"end":{"line":119,"column":5}},{"start":{},"end":{}}],"line":112},"1":{"loc":{"start":{"line":115,"column":8},"end":{"line":115,"column":49}},"type":"if","locations":[{"start":{"line":115,"column":8},"end":{"line":115,"column":49}},{"start":{},"end":{}}],"line":115},"2":{"loc":{"start":{"line":139,"column":4},"end":{"line":142,"column":5}},"type":"if","locations":[{"start":{"line":139,"column":4},"end":{"line":142,"column":5}},{"start":{},"end":{}}],"line":139}},"s":{"0":1,"1":5,"2":5,"3":5,"4":5,"5":8,"6":8,"7":2,"8":2,"9":2,"10":2,"11":6,"12":8,"13":6,"14":6,"15":6,"16":6,"17":5,"18":5,"19":1,"20":2,"21":2,"22":2,"23":2,"24":2,"25":2,"26":2,"27":2,"28":2,"29":2,"30":2,"31":1},"f":{"0":5,"1":5,"2":8,"3":8,"4":6,"5":2},"b":{"0":[2,6],"1":[2,0],"2":[5,1]},"_coverageSchema":"1a1c01bbd47fc00a2c39e90264f33305004495a9","hash":"5409ca0a26a331ed134b64c13b6df54dee984092"}
}
