TN:
SF:source\toggleMode.js
FN:14,(anonymous_0)
FNF:1
FNH:1
FNDA:2,(anonymous_0)
DA:4,6
DA:5,6
DA:8,6
DA:9,3
DA:13,6
DA:14,5
DA:15,2
DA:16,2
LF:8
LH:8
BRDA:8,0,0,3
BRDA:8,0,1,3
BRDA:13,1,0,5
BRDA:13,1,1,1
BRF:4
BRH:4
end_of_record
TN:
SF:source\api\pokemonAPI.js
FN:7,defaultHeaders
FN:15,_fetchJson
FN:20,(anonymous_2)
FN:49,getCardsByName
FN:73,getCardsByPage
FN:94,getCardById
FN:119,getCardsByNameAndNumber
FN:149,getAllSets
FN:159,getCardsBySet
FNF:9
FNH:2
FNDA:0,defaultHeaders
FNDA:4,_fetchJson
FNDA:0,(anonymous_2)
FNDA:0,getCardsByName
FNDA:0,getCardsByPage
FNDA:4,getCardById
FNDA:0,getCardsByNameAndNumber
FNDA:0,getAllSets
FNDA:0,getCardsBySet
DA:2,2
DA:3,2
DA:8,0
DA:17,4
DA:20,4
DA:21,0
DA:22,0
DA:26,4
DA:31,0
DA:32,0
DA:33,0
DA:38,0
DA:39,0
DA:50,0
DA:51,0
DA:56,0
DA:57,0
DA:61,0
DA:64,0
DA:74,0
DA:75,0
DA:77,0
DA:78,0
DA:82,0
DA:85,0
DA:95,4
DA:96,0
DA:100,4
DA:101,4
DA:103,0
DA:105,4
DA:106,0
DA:108,4
DA:120,0
DA:121,0
DA:125,0
DA:126,0
DA:131,0
DA:132,0
DA:133,0
DA:135,0
DA:138,0
DA:140,0
DA:141,0
DA:150,0
DA:151,0
DA:160,0
DA:161,0
DA:164,0
DA:169,0
LF:50
LH:10
BRDA:15,0,0,4
BRDA:21,1,0,0
BRDA:21,1,1,0
BRDA:21,2,0,0
BRDA:21,2,1,0
BRDA:31,3,0,0
BRDA:31,3,1,0
BRDA:50,4,0,0
BRDA:50,4,1,0
BRDA:50,5,0,0
BRDA:50,5,1,0
BRDA:64,6,0,0
BRDA:64,6,1,0
BRDA:73,7,0,0
BRDA:73,8,0,0
BRDA:74,9,0,0
BRDA:74,9,1,0
BRDA:74,10,0,0
BRDA:74,10,1,0
BRDA:77,11,0,0
BRDA:77,11,1,0
BRDA:77,12,0,0
BRDA:77,12,1,0
BRDA:85,13,0,0
BRDA:85,13,1,0
BRDA:95,14,0,0
BRDA:95,14,1,4
BRDA:95,15,0,4
BRDA:95,15,1,4
BRDA:103,16,0,0
BRDA:103,16,1,0
BRDA:105,17,0,0
BRDA:105,17,1,4
BRDA:120,18,0,0
BRDA:120,18,1,0
BRDA:120,19,0,0
BRDA:120,19,1,0
BRDA:126,20,0,0
BRDA:126,20,1,0
BRDA:132,21,0,0
BRDA:132,21,1,0
BRDA:141,22,0,0
BRDA:141,22,1,0
BRDA:151,23,0,0
BRDA:151,23,1,0
BRDA:160,24,0,0
BRDA:160,24,1,0
BRDA:160,25,0,0
BRDA:160,25,1,0
BRDA:169,26,0,0
BRDA:169,26,1,0
BRF:51
BRH:5
end_of_record
TN:
SF:source\assets\scripts\assign-card-modal.js
FN:11,showAssignCardModal
FN:55,(anonymous_1)
FN:78,(anonymous_2)
FN:95,(anonymous_3)
FN:98,(anonymous_4)
FN:103,(anonymous_5)
FN:104,(anonymous_6)
FN:115,(anonymous_7)
FN:146,(anonymous_8)
FNF:9
FNH:8
FNDA:5,showAssignCardModal
FNDA:4,(anonymous_1)
FNDA:8,(anonymous_2)
FNDA:1,(anonymous_3)
FNDA:1,(anonymous_4)
FNDA:2,(anonymous_5)
FNDA:0,(anonymous_6)
FNDA:1,(anonymous_7)
FNDA:1,(anonymous_8)
DA:13,5
DA:14,5
DA:17,5
DA:18,5
DA:19,5
DA:20,5
DA:52,5
DA:55,5
DA:56,4
DA:60,5
DA:63,5
DA:66,5
DA:69,5
DA:72,5
DA:73,5
DA:78,5
DA:79,8
DA:80,8
DA:81,8
DA:95,8
DA:96,1
DA:98,8
DA:99,1
DA:103,8
DA:104,2
DA:105,2
DA:106,2
DA:107,2
DA:108,2
DA:112,8
DA:113,8
DA:114,8
DA:115,8
DA:116,1
DA:117,1
DA:119,8
DA:125,8
DA:126,8
DA:127,8
DA:128,8
DA:136,8
DA:137,8
DA:138,8
DA:146,5
DA:147,1
DA:149,1
DA:156,1
DA:159,1
DA:160,1
DA:161,0
DA:165,1
LF:51
LH:50
BRDA:14,0,0,2
BRDA:14,0,1,3
BRDA:56,1,0,1
BRDA:56,1,1,3
BRDA:73,2,0,5
BRDA:73,2,1,0
BRDA:113,3,0,8
BRDA:113,3,1,0
BRDA:147,4,0,1
BRDA:147,4,1,0
BRDA:147,5,0,1
BRDA:147,5,1,1
BRDA:160,6,0,0
BRDA:160,6,1,1
BRF:14
BRH:10
end_of_record
TN:
SF:source\assets\scripts\priceHelper.js
FN:18,formatMarketPrice
FN:23,(anonymous_1)
FN:24,(anonymous_2)
FNF:3
FNH:3
FNDA:19,formatMarketPrice
FNDA:6,(anonymous_1)
FNDA:6,(anonymous_2)
DA:19,19
DA:20,19
DA:22,3
DA:23,6
DA:24,6
DA:26,3
DA:27,1
DA:30,2
DA:31,2
DA:33,2
LF:10
LH:10
BRDA:20,0,0,16
BRDA:20,0,1,3
BRDA:26,1,0,1
BRDA:26,1,1,2
BRDA:33,2,0,1
BRDA:33,2,1,1
BRF:6
BRH:6
end_of_record
TN:
SF:source\components\binder\pokemon-binder.js
FN:256,(anonymous_0)
FN:282,(anonymous_1)
FN:302,(anonymous_2)
FN:325,(anonymous_3)
FN:338,(anonymous_4)
FN:339,(anonymous_5)
FN:342,(anonymous_6)
FN:352,(anonymous_7)
FN:358,(anonymous_8)
FN:376,(anonymous_9)
FN:382,(anonymous_10)
FN:401,(anonymous_11)
FN:410,(anonymous_12)
FN:446,(anonymous_13)
FN:450,(anonymous_14)
FN:453,(anonymous_15)
FN:458,(anonymous_16)
FN:475,(anonymous_17)
FN:483,(anonymous_18)
FNF:19
FNH:10
FNDA:70,(anonymous_0)
FNDA:11,(anonymous_1)
FNDA:83,(anonymous_2)
FNDA:506,(anonymous_3)
FNDA:0,(anonymous_4)
FNDA:0,(anonymous_5)
FNDA:0,(anonymous_6)
FNDA:6,(anonymous_7)
FNDA:0,(anonymous_8)
FNDA:5,(anonymous_9)
FNDA:0,(anonymous_10)
FNDA:11,(anonymous_11)
FNDA:2,(anonymous_12)
FNDA:3,(anonymous_13)
FNDA:0,(anonymous_14)
FNDA:0,(anonymous_15)
FNDA:0,(anonymous_16)
FNDA:0,(anonymous_17)
FNDA:5,(anonymous_18)
DA:10,1
DA:11,1
DA:257,70
DA:258,70
DA:259,70
DA:260,70
DA:261,70
DA:262,70
DA:263,70
DA:264,70
DA:265,70
DA:266,70
DA:267,70
DA:268,70
DA:270,70
DA:272,70
DA:274,70
DA:283,11
DA:284,11
DA:285,11
DA:286,21
DA:287,21
DA:288,21
DA:289,13
DA:290,13
DA:292,11
DA:293,11
DA:294,11
DA:303,83
DA:304,83
DA:305,83
DA:306,83
DA:308,83
DA:309,83
DA:311,83
DA:312,83
DA:313,83
DA:314,83
DA:326,506
DA:327,505
DA:328,505
DA:329,505
DA:330,505
DA:331,505
DA:332,4545
DA:333,4545
DA:334,4545
DA:335,28
DA:336,28
DA:337,28
DA:338,28
DA:339,28
DA:340,28
DA:342,4517
DA:344,4545
DA:353,6
DA:354,6
DA:355,6
DA:356,6
DA:358,6
DA:359,0
DA:360,0
DA:361,0
DA:362,0
DA:363,0
DA:364,0
DA:365,0
DA:366,0
DA:367,0
DA:368,0
DA:377,5
DA:378,2
DA:379,2
DA:380,2
DA:382,2
DA:383,0
DA:384,0
DA:385,0
DA:386,0
DA:387,0
DA:388,0
DA:389,0
DA:390,0
DA:391,0
DA:392,0
DA:402,11
DA:403,11
DA:405,11
DA:406,11
DA:407,11
DA:408,11
DA:409,3
DA:410,2
DA:411,2
DA:412,2
DA:413,2
DA:417,3
DA:419,11
DA:420,11
DA:421,11
DA:422,11
DA:423,11
DA:424,11
DA:425,11
DA:426,11
DA:427,11
DA:428,11
DA:446,11
DA:447,3
DA:450,11
DA:451,0
DA:452,0
DA:453,0
DA:454,0
DA:455,0
DA:456,0
DA:457,0
DA:458,0
DA:459,0
DA:460,0
DA:462,0
DA:464,0
DA:465,0
DA:467,0
DA:469,0
DA:474,11
DA:475,11
DA:476,0
DA:484,5
DA:485,5
DA:489,1
LF:131
LH:95
BRDA:283,0,0,0
BRDA:283,0,1,11
BRDA:288,1,0,8
BRDA:288,1,1,13
BRDA:288,2,0,21
BRDA:288,2,1,19
BRDA:288,2,2,18
BRDA:288,2,3,18
BRDA:288,2,4,17
BRDA:288,2,5,15
BRDA:289,3,0,10
BRDA:289,3,1,3
BRDA:293,4,0,0
BRDA:293,4,1,11
BRDA:327,5,0,342
BRDA:327,5,1,163
BRDA:330,6,0,18
BRDA:330,6,1,487
BRDA:334,7,0,28
BRDA:334,7,1,4517
BRDA:353,8,0,0
BRDA:353,8,1,6
BRDA:377,9,0,3
BRDA:377,9,1,2
BRDA:377,10,0,5
BRDA:377,10,1,2
BRDA:403,11,0,4
BRDA:403,11,1,7
BRDA:408,12,0,3
BRDA:408,12,1,8
BRDA:411,13,0,2
BRDA:411,13,1,0
BRDA:419,14,0,11
BRDA:419,14,1,11
BRDA:421,15,0,11
BRDA:421,15,1,11
BRDA:422,16,0,11
BRDA:422,16,1,11
BRDA:423,17,0,11
BRDA:423,17,1,11
BRDA:424,18,0,11
BRDA:424,18,1,11
BRDA:447,19,0,0
BRDA:447,19,1,3
BRDA:452,20,0,0
BRDA:452,20,1,0
BRDA:455,21,0,0
BRDA:455,21,1,0
BRDA:459,22,0,0
BRDA:459,22,1,0
BRDA:485,23,0,3
BRDA:485,23,1,2
BRF:52
BRH:41
end_of_record
TN:
SF:source\components\collection\collection-view.js
FN:19,(anonymous_0)
FN:109,(anonymous_1)
FN:118,(anonymous_2)
FN:135,(anonymous_3)
FN:143,(anonymous_4)
FN:153,(anonymous_5)
FN:160,(anonymous_6)
FN:172,(anonymous_7)
FN:178,(anonymous_8)
FN:185,(anonymous_9)
FN:228,(anonymous_10)
FN:232,(anonymous_11)
FN:234,(anonymous_12)
FN:235,(anonymous_13)
FN:243,(anonymous_14)
FNF:15
FNH:14
FNDA:11,(anonymous_0)
FNDA:11,(anonymous_1)
FNDA:21,(anonymous_2)
FNDA:21,(anonymous_3)
FNDA:18,(anonymous_4)
FNDA:7,(anonymous_5)
FNDA:0,(anonymous_6)
FNDA:2,(anonymous_7)
FNDA:2,(anonymous_8)
FNDA:2,(anonymous_9)
FNDA:1,(anonymous_10)
FNDA:2,(anonymous_11)
FNDA:1,(anonymous_12)
FNDA:1,(anonymous_13)
FNDA:2,(anonymous_14)
DA:7,1
DA:20,11
DA:21,11
DA:22,11
DA:110,11
DA:119,21
DA:120,21
DA:121,8
DA:122,8
DA:123,6
DA:128,15
DA:136,21
DA:144,18
DA:145,18
DA:146,18
DA:147,18
DA:148,12
DA:149,12
DA:150,12
DA:152,6
DA:153,6
DA:154,7
DA:155,7
DA:156,7
DA:157,7
DA:158,7
DA:160,7
DA:161,0
DA:162,0
DA:165,7
DA:166,7
DA:167,7
DA:168,7
DA:169,7
DA:170,7
DA:172,7
DA:173,2
DA:179,2
DA:180,2
DA:182,2
DA:183,2
DA:184,2
DA:185,2
DA:187,2
DA:189,2
DA:190,2
DA:194,2
DA:197,2
DA:198,2
DA:199,2
DA:200,2
DA:201,2
DA:202,2
DA:204,2
DA:205,2
DA:206,2
DA:208,2
DA:228,2
DA:229,1
DA:232,2
DA:233,2
DA:234,2
DA:235,1
DA:236,1
DA:237,1
DA:238,1
DA:242,2
DA:243,2
DA:248,1
LF:69
LH:67
BRDA:120,0,0,8
BRDA:120,0,1,13
BRDA:123,1,0,6
BRDA:123,1,1,0
BRDA:147,2,0,12
BRDA:147,2,1,6
BRDA:180,3,0,0
BRDA:180,3,1,2
BRDA:189,4,0,2
BRDA:189,4,1,0
BRDA:197,5,0,2
BRDA:197,5,1,2
BRDA:199,6,0,2
BRDA:199,6,1,2
BRDA:200,7,0,2
BRDA:200,7,1,2
BRDA:201,8,0,2
BRDA:201,8,1,2
BRDA:202,9,0,2
BRDA:202,9,1,2
BRDA:229,10,0,0
BRDA:229,10,1,1
BRF:22
BRH:18
end_of_record
