TN:
SF:source/components/collection/collection-view.js
FN:17,(anonymous_0)
FN:101,(anonymous_1)
FN:110,(anonymous_2)
FN:127,(anonymous_3)
FN:135,(anonymous_4)
FN:143,(anonymous_5)
FNF:6
FNH:6
FNDA:5,(anonymous_0)
FNDA:5,(anonymous_1)
FNDA:8,(anonymous_2)
FNDA:8,(anonymous_3)
FNDA:6,(anonymous_4)
FNDA:2,(anonymous_5)
DA:5,1
DA:18,5
DA:19,5
DA:20,5
DA:102,5
DA:111,8
DA:112,8
DA:113,2
DA:114,2
DA:115,2
DA:120,6
DA:128,8
DA:136,6
DA:137,6
DA:138,6
DA:139,6
DA:140,5
DA:141,5
DA:143,1
DA:144,2
DA:145,2
DA:146,2
DA:147,2
DA:148,2
DA:149,2
DA:150,2
DA:151,2
DA:152,2
DA:153,2
DA:154,2
DA:159,1
LF:31
LH:31
BRDA:112,0,0,2
BRDA:112,0,1,6
BRDA:115,1,0,2
BRDA:115,1,1,0
BRDA:139,2,0,5
BRDA:139,2,1,1
BRF:6
BRH:5
end_of_record
