{"F:\\Downloads\\Repo-of-Truth\\source\\api\\pokemonAPI.js": {"path":"F:\\Downloads\\Repo-of-Truth\\source\\api\\pokemonAPI.js","statementMap":{"0":{"start":{"line":2,"column":17},"end":{"line":2,"column":47}},"1":{"start":{"line":3,"column":16},"end":{"line":3,"column":29}},"2":{"start":{"line":8,"column":2},"end":{"line":11,"column":4}},"3":{"start":{"line":17,"column":14},"end":{"line":17,"column":42}},"4":{"start":{"line":20,"column":2},"end":{"line":24,"column":5}},"5":{"start":{"line":21,"column":4},"end":{"line":23,"column":5}},"6":{"start":{"line":22,"column":6},"end":{"line":22,"column":48}},"7":{"start":{"line":26,"column":19},"end":{"line":29,"column":4}},"8":{"start":{"line":31,"column":2},"end":{"line":36,"column":3}},"9":{"start":{"line":32,"column":20},"end":{"line":32,"column":41}},"10":{"start":{"line":33,"column":4},"end":{"line":35,"column":6}},"11":{"start":{"line":38,"column":15},"end":{"line":38,"column":36}},"12":{"start":{"line":39,"column":2},"end":{"line":39,"column":14}},"13":{"start":{"line":50,"column":2},"end":{"line":52,"column":3}},"14":{"start":{"line":51,"column":4},"end":{"line":51,"column":72}},"15":{"start":{"line":56,"column":18},"end":{"line":56,"column":29}},"16":{"start":{"line":57,"column":16},"end":{"line":57,"column":37}},"17":{"start":{"line":61,"column":17},"end":{"line":61,"column":57}},"18":{"start":{"line":64,"column":2},"end":{"line":64,"column":55}},"19":{"start":{"line":74,"column":2},"end":{"line":76,"column":3}},"20":{"start":{"line":75,"column":4},"end":{"line":75,"column":72}},"21":{"start":{"line":77,"column":2},"end":{"line":79,"column":3}},"22":{"start":{"line":78,"column":4},"end":{"line":78,"column":76}},"23":{"start":{"line":82,"column":17},"end":{"line":82,"column":63}},"24":{"start":{"line":85,"column":2},"end":{"line":85,"column":55}},"25":{"start":{"line":95,"column":2},"end":{"line":97,"column":3}},"26":{"start":{"line":96,"column":4},"end":{"line":96,"column":67}},"27":{"start":{"line":100,"column":2},"end":{"line":109,"column":3}},"28":{"start":{"line":101,"column":19},"end":{"line":101,"column":71}},"29":{"start":{"line":103,"column":4},"end":{"line":103,"column":31}},"30":{"start":{"line":105,"column":4},"end":{"line":107,"column":5}},"31":{"start":{"line":106,"column":6},"end":{"line":106,"column":18}},"32":{"start":{"line":108,"column":4},"end":{"line":108,"column":14}},"33":{"start":{"line":120,"column":2},"end":{"line":122,"column":3}},"34":{"start":{"line":121,"column":4},"end":{"line":121,"column":82}},"35":{"start":{"line":125,"column":18},"end":{"line":125,"column":29}},"36":{"start":{"line":126,"column":20},"end":{"line":128,"column":25}},"37":{"start":{"line":131,"column":17},"end":{"line":131,"column":38}},"38":{"start":{"line":132,"column":2},"end":{"line":134,"column":3}},"39":{"start":{"line":133,"column":4},"end":{"line":133,"column":92}},"40":{"start":{"line":135,"column":22},"end":{"line":135,"column":62}},"41":{"start":{"line":138,"column":17},"end":{"line":138,"column":46}},"42":{"start":{"line":140,"column":17},"end":{"line":140,"column":58}},"43":{"start":{"line":141,"column":2},"end":{"line":141,"column":55}},"44":{"start":{"line":150,"column":17},"end":{"line":150,"column":42}},"45":{"start":{"line":151,"column":2},"end":{"line":151,"column":55}},"46":{"start":{"line":160,"column":2},"end":{"line":162,"column":3}},"47":{"start":{"line":161,"column":4},"end":{"line":161,"column":68}},"48":{"start":{"line":164,"column":17},"end":{"line":167,"column":4}},"49":{"start":{"line":169,"column":2},"end":{"line":169,"column":55}}},"fnMap":{"0":{"name":"defaultHeaders","decl":{"start":{"line":7,"column":9},"end":{"line":7,"column":23}},"loc":{"start":{"line":7,"column":26},"end":{"line":12,"column":1}},"line":7},"1":{"name":"_fetchJson","decl":{"start":{"line":15,"column":15},"end":{"line":15,"column":25}},"loc":{"start":{"line":15,"column":49},"end":{"line":40,"column":1}},"line":15},"2":{"name":"(anonymous_2)","decl":{"start":{"line":20,"column":30},"end":{"line":20,"column":31}},"loc":{"start":{"line":20,"column":39},"end":{"line":24,"column":3}},"line":20},"3":{"name":"getCardsByName","decl":{"start":{"line":49,"column":22},"end":{"line":49,"column":36}},"loc":{"start":{"line":49,"column":43},"end":{"line":65,"column":1}},"line":49},"4":{"name":"getCardsByPage","decl":{"start":{"line":73,"column":22},"end":{"line":73,"column":36}},"loc":{"start":{"line":73,"column":62},"end":{"line":86,"column":1}},"line":73},"5":{"name":"getCardById","decl":{"start":{"line":94,"column":22},"end":{"line":94,"column":33}},"loc":{"start":{"line":94,"column":38},"end":{"line":110,"column":1}},"line":94},"6":{"name":"getCardsByNameAndNumber","decl":{"start":{"line":119,"column":22},"end":{"line":119,"column":45}},"loc":{"start":{"line":119,"column":60},"end":{"line":142,"column":1}},"line":119},"7":{"name":"getAllSets","decl":{"start":{"line":149,"column":22},"end":{"line":149,"column":32}},"loc":{"start":{"line":149,"column":35},"end":{"line":152,"column":1}},"line":149},"8":{"name":"getCardsBySet","decl":{"start":{"line":159,"column":22},"end":{"line":159,"column":35}},"loc":{"start":{"line":159,"column":43},"end":{"line":170,"column":1}},"line":159}},"branchMap":{"0":{"loc":{"start":{"line":15,"column":36},"end":{"line":15,"column":47}},"type":"default-arg","locations":[{"start":{"line":15,"column":45},"end":{"line":15,"column":47}}],"line":15},"1":{"loc":{"start":{"line":21,"column":4},"end":{"line":23,"column":5}},"type":"if","locations":[{"start":{"line":21,"column":4},"end":{"line":23,"column":5}},{"start":{},"end":{}}],"line":21},"2":{"loc":{"start":{"line":21,"column":8},"end":{"line":21,"column":57}},"type":"binary-expr","locations":[{"start":{"line":21,"column":8},"end":{"line":21,"column":33}},{"start":{"line":21,"column":37},"end":{"line":21,"column":57}}],"line":21},"3":{"loc":{"start":{"line":31,"column":2},"end":{"line":36,"column":3}},"type":"if","locations":[{"start":{"line":31,"column":2},"end":{"line":36,"column":3}},{"start":{},"end":{}}],"line":31},"4":{"loc":{"start":{"line":50,"column":2},"end":{"line":52,"column":3}},"type":"if","locations":[{"start":{"line":50,"column":2},"end":{"line":52,"column":3}},{"start":{},"end":{}}],"line":50},"5":{"loc":{"start":{"line":50,"column":6},"end":{"line":50,"column":39}},"type":"binary-expr","locations":[{"start":{"line":50,"column":6},"end":{"line":50,"column":11}},{"start":{"line":50,"column":15},"end":{"line":50,"column":39}}],"line":50},"6":{"loc":{"start":{"line":64,"column":9},"end":{"line":64,"column":54}},"type":"cond-expr","locations":[{"start":{"line":64,"column":38},"end":{"line":64,"column":49}},{"start":{"line":64,"column":52},"end":{"line":64,"column":54}}],"line":64},"7":{"loc":{"start":{"line":73,"column":37},"end":{"line":73,"column":45}},"type":"default-arg","locations":[{"start":{"line":73,"column":44},"end":{"line":73,"column":45}}],"line":73},"8":{"loc":{"start":{"line":73,"column":47},"end":{"line":73,"column":60}},"type":"default-arg","locations":[{"start":{"line":73,"column":58},"end":{"line":73,"column":60}}],"line":73},"9":{"loc":{"start":{"line":74,"column":2},"end":{"line":76,"column":3}},"type":"if","locations":[{"start":{"line":74,"column":2},"end":{"line":76,"column":3}},{"start":{},"end":{}}],"line":74},"10":{"loc":{"start":{"line":74,"column":6},"end":{"line":74,"column":41}},"type":"binary-expr","locations":[{"start":{"line":74,"column":6},"end":{"line":74,"column":29}},{"start":{"line":74,"column":33},"end":{"line":74,"column":41}}],"line":74},"11":{"loc":{"start":{"line":77,"column":2},"end":{"line":79,"column":3}},"type":"if","locations":[{"start":{"line":77,"column":2},"end":{"line":79,"column":3}},{"start":{},"end":{}}],"line":77},"12":{"loc":{"start":{"line":77,"column":6},"end":{"line":77,"column":49}},"type":"binary-expr","locations":[{"start":{"line":77,"column":6},"end":{"line":77,"column":33}},{"start":{"line":77,"column":37},"end":{"line":77,"column":49}}],"line":77},"13":{"loc":{"start":{"line":85,"column":9},"end":{"line":85,"column":54}},"type":"cond-expr","locations":[{"start":{"line":85,"column":38},"end":{"line":85,"column":49}},{"start":{"line":85,"column":52},"end":{"line":85,"column":54}}],"line":85},"14":{"loc":{"start":{"line":95,"column":2},"end":{"line":97,"column":3}},"type":"if","locations":[{"start":{"line":95,"column":2},"end":{"line":97,"column":3}},{"start":{},"end":{}}],"line":95},"15":{"loc":{"start":{"line":95,"column":6},"end":{"line":95,"column":35}},"type":"binary-expr","locations":[{"start":{"line":95,"column":6},"end":{"line":95,"column":9}},{"start":{"line":95,"column":13},"end":{"line":95,"column":35}}],"line":95},"16":{"loc":{"start":{"line":103,"column":11},"end":{"line":103,"column":30}},"type":"binary-expr","locations":[{"start":{"line":103,"column":11},"end":{"line":103,"column":22}},{"start":{"line":103,"column":26},"end":{"line":103,"column":30}}],"line":103},"17":{"loc":{"start":{"line":105,"column":4},"end":{"line":107,"column":5}},"type":"if","locations":[{"start":{"line":105,"column":4},"end":{"line":107,"column":5}},{"start":{},"end":{}}],"line":105},"18":{"loc":{"start":{"line":120,"column":2},"end":{"line":122,"column":3}},"type":"if","locations":[{"start":{"line":120,"column":2},"end":{"line":122,"column":3}},{"start":{},"end":{}}],"line":120},"19":{"loc":{"start":{"line":120,"column":6},"end":{"line":120,"column":22}},"type":"binary-expr","locations":[{"start":{"line":120,"column":6},"end":{"line":120,"column":11}},{"start":{"line":120,"column":15},"end":{"line":120,"column":22}}],"line":120},"20":{"loc":{"start":{"line":126,"column":20},"end":{"line":128,"column":25}},"type":"cond-expr","locations":[{"start":{"line":127,"column":6},"end":{"line":127,"column":25}},{"start":{"line":128,"column":6},"end":{"line":128,"column":25}}],"line":126},"21":{"loc":{"start":{"line":132,"column":2},"end":{"line":134,"column":3}},"type":"if","locations":[{"start":{"line":132,"column":2},"end":{"line":134,"column":3}},{"start":{},"end":{}}],"line":132},"22":{"loc":{"start":{"line":141,"column":9},"end":{"line":141,"column":54}},"type":"cond-expr","locations":[{"start":{"line":141,"column":38},"end":{"line":141,"column":49}},{"start":{"line":141,"column":52},"end":{"line":141,"column":54}}],"line":141},"23":{"loc":{"start":{"line":151,"column":9},"end":{"line":151,"column":54}},"type":"cond-expr","locations":[{"start":{"line":151,"column":38},"end":{"line":151,"column":49}},{"start":{"line":151,"column":52},"end":{"line":151,"column":54}}],"line":151},"24":{"loc":{"start":{"line":160,"column":2},"end":{"line":162,"column":3}},"type":"if","locations":[{"start":{"line":160,"column":2},"end":{"line":162,"column":3}},{"start":{},"end":{}}],"line":160},"25":{"loc":{"start":{"line":160,"column":6},"end":{"line":160,"column":41}},"type":"binary-expr","locations":[{"start":{"line":160,"column":6},"end":{"line":160,"column":12}},{"start":{"line":160,"column":16},"end":{"line":160,"column":41}}],"line":160},"26":{"loc":{"start":{"line":169,"column":9},"end":{"line":169,"column":54}},"type":"cond-expr","locations":[{"start":{"line":169,"column":38},"end":{"line":169,"column":49}},{"start":{"line":169,"column":52},"end":{"line":169,"column":54}}],"line":169}},"s":{"0":0,"1":0,"2":0,"3":0,"4":0,"5":0,"6":0,"7":0,"8":0,"9":0,"10":0,"11":0,"12":0,"13":0,"14":0,"15":0,"16":0,"17":0,"18":0,"19":0,"20":0,"21":0,"22":0,"23":0,"24":0,"25":0,"26":0,"27":0,"28":0,"29":0,"30":0,"31":0,"32":0,"33":0,"34":0,"35":0,"36":0,"37":0,"38":0,"39":0,"40":0,"41":0,"42":0,"43":0,"44":0,"45":0,"46":0,"47":0,"48":0,"49":0},"f":{"0":0,"1":0,"2":0,"3":0,"4":0,"5":0,"6":0,"7":0,"8":0},"b":{"0":[0],"1":[0,0],"2":[0,0],"3":[0,0],"4":[0,0],"5":[0,0],"6":[0,0],"7":[0],"8":[0],"9":[0,0],"10":[0,0],"11":[0,0],"12":[0,0],"13":[0,0],"14":[0,0],"15":[0,0],"16":[0,0],"17":[0,0],"18":[0,0],"19":[0,0],"20":[0,0],"21":[0,0],"22":[0,0],"23":[0,0],"24":[0,0],"25":[0,0],"26":[0,0]}}
}
