TN:
SF:source\api\pokemonAPI.js
FN:7,defaultHeaders
FN:15,_fetchJson
FN:20,(anonymous_2)
FN:49,getCardsByName
FN:73,getCardsByPage
FN:94,getCardById
FN:119,getCardsByNameAndNumber
FN:149,getAllSets
FN:159,getCardsBySet
FNF:9
FNH:0
FNDA:0,defaultHeaders
FNDA:0,_fetchJson
FNDA:0,(anonymous_2)
FNDA:0,getCardsByName
FNDA:0,getCardsByPage
FNDA:0,getCardById
FNDA:0,getCardsByNameAndNumber
FNDA:0,getAllSets
FNDA:0,getCardsBySet
DA:2,0
DA:3,0
DA:8,0
DA:17,0
DA:20,0
DA:21,0
DA:22,0
DA:26,0
DA:31,0
DA:32,0
DA:33,0
DA:38,0
DA:39,0
DA:50,0
DA:51,0
DA:56,0
DA:57,0
DA:61,0
DA:64,0
DA:74,0
DA:75,0
DA:77,0
DA:78,0
DA:82,0
DA:85,0
DA:95,0
DA:96,0
DA:100,0
DA:101,0
DA:103,0
DA:105,0
DA:106,0
DA:108,0
DA:120,0
DA:121,0
DA:125,0
DA:126,0
DA:131,0
DA:132,0
DA:133,0
DA:135,0
DA:138,0
DA:140,0
DA:141,0
DA:150,0
DA:151,0
DA:160,0
DA:161,0
DA:164,0
DA:169,0
LF:50
LH:0
BRDA:15,0,0,0
BRDA:21,1,0,0
BRDA:21,1,1,0
BRDA:21,2,0,0
BRDA:21,2,1,0
BRDA:31,3,0,0
BRDA:31,3,1,0
BRDA:50,4,0,0
BRDA:50,4,1,0
BRDA:50,5,0,0
BRDA:50,5,1,0
BRDA:64,6,0,0
BRDA:64,6,1,0
BRDA:73,7,0,0
BRDA:73,8,0,0
BRDA:74,9,0,0
BRDA:74,9,1,0
BRDA:74,10,0,0
BRDA:74,10,1,0
BRDA:77,11,0,0
BRDA:77,11,1,0
BRDA:77,12,0,0
BRDA:77,12,1,0
BRDA:85,13,0,0
BRDA:85,13,1,0
BRDA:95,14,0,0
BRDA:95,14,1,0
BRDA:95,15,0,0
BRDA:95,15,1,0
BRDA:103,16,0,0
BRDA:103,16,1,0
BRDA:105,17,0,0
BRDA:105,17,1,0
BRDA:120,18,0,0
BRDA:120,18,1,0
BRDA:120,19,0,0
BRDA:120,19,1,0
BRDA:126,20,0,0
BRDA:126,20,1,0
BRDA:132,21,0,0
BRDA:132,21,1,0
BRDA:141,22,0,0
BRDA:141,22,1,0
BRDA:151,23,0,0
BRDA:151,23,1,0
BRDA:160,24,0,0
BRDA:160,24,1,0
BRDA:160,25,0,0
BRDA:160,25,1,0
BRDA:169,26,0,0
BRDA:169,26,1,0
BRF:51
BRH:0
end_of_record
